[2023-07-06 14:06:03] local.ERROR: Vite manifest not found at: D:\ITTS\SEMESTER 6\Pemrograman Framework\Praktikum8\public\build/manifest.json {"view":{"view":"D:\\ITTS\\SEMESTER 6\\Pemrograman Framework\\Praktikum8\\resources\\views\\layouts\\app.blade.php","data":{"errors":"<pre class=sf-dump id=sf-dump-671987032 data-indent-pad=\"  \"><span class=sf-dump-note>Illuminate\\Support\\ViewErrorBag</span> {<a class=sf-dump-ref>#297</a><samp data-depth=1 class=sf-dump-expanded>
  #<span class=sf-dump-protected title=\"Protected property\">bags</span>: []
</samp>}
</pre><script>Sfdump(\"sf-dump-671987032\", {\"maxDepth\":3,\"maxStringLength\":160})</script>
"}},"exception":"[object] (Spatie\\LaravelIgnition\\Exceptions\\ViewException(code: 0): Vite manifest not found at: D:\\ITTS\\SEMESTER 6\\Pemrograman Framework\\Praktikum8\\public\\build/manifest.json at D:\\ITTS\\SEMESTER 6\\Pemrograman Framework\\Praktikum8\\vendor\\laravel\\framework\\src\\Illuminate\\Foundation\\Vite.php:684)
[stacktrace]
#0 D:\\ITTS\\SEMESTER 6\\Pemrograman Framework\\Praktikum8\\vendor\\laravel\\framework\\src\\Illuminate\\Foundation\\Vite.php(273): Illuminate\\Foundation\\Vite->manifest('build')
#1 D:\\ITTS\\SEMESTER 6\\Pemrograman Framework\\Praktikum8\\resources\\views\\layouts\\app.blade.php(17): Illuminate\\Foundation\\Vite->__invoke(Object(Illuminate\\Support\\Collection))
#2 D:\\ITTS\\SEMESTER 6\\Pemrograman Framework\\Praktikum8\\vendor\\laravel\\framework\\src\\Illuminate\\Filesystem\\Filesystem.php(124): require('D:\\\\ITTS\\\\SEMESTE...')
#3 D:\\ITTS\\SEMESTER 6\\Pemrograman Framework\\Praktikum8\\vendor\\laravel\\framework\\src\\Illuminate\\Filesystem\\Filesystem.php(125): Illuminate\\Filesystem\\Filesystem::Illuminate\\Filesystem\\{closure}()
#4 D:\\ITTS\\SEMESTER 6\\Pemrograman Framework\\Praktikum8\\vendor\\laravel\\framework\\src\\Illuminate\\View\\Engines\\PhpEngine.php(58): Illuminate\\Filesystem\\Filesystem->getRequire('D:\\\\ITTS\\\\SEMESTE...', Array)
#5 D:\\ITTS\\SEMESTER 6\\Pemrograman Framework\\Praktikum8\\vendor\\laravel\\framework\\src\\Illuminate\\View\\Engines\\CompilerEngine.php(70): Illuminate\\View\\Engines\\PhpEngine->evaluatePath('D:\\\\ITTS\\\\SEMESTE...', Array)
#6 D:\\ITTS\\SEMESTER 6\\Pemrograman Framework\\Praktikum8\\vendor\\laravel\\framework\\src\\Illuminate\\View\\View.php(195): Illuminate\\View\\Engines\\CompilerEngine->get('D:\\\\ITTS\\\\SEMESTE...', Array)
#7 D:\\ITTS\\SEMESTER 6\\Pemrograman Framework\\Praktikum8\\vendor\\laravel\\framework\\src\\Illuminate\\View\\View.php(178): Illuminate\\View\\View->getContents()
#8 D:\\ITTS\\SEMESTER 6\\Pemrograman Framework\\Praktikum8\\vendor\\laravel\\framework\\src\\Illuminate\\View\\View.php(147): Illuminate\\View\\View->renderContents()
#9 D:\\ITTS\\SEMESTER 6\\Pemrograman Framework\\Praktikum8\\resources\\views\\auth\\login.blade.php(73): Illuminate\\View\\View->render()
#10 D:\\ITTS\\SEMESTER 6\\Pemrograman Framework\\Praktikum8\\vendor\\laravel\\framework\\src\\Illuminate\\Filesystem\\Filesystem.php(124): require('D:\\\\ITTS\\\\SEMESTE...')
#11 D:\\ITTS\\SEMESTER 6\\Pemrograman Framework\\Praktikum8\\vendor\\laravel\\framework\\src\\Illuminate\\Filesystem\\Filesystem.php(125): Illuminate\\Filesystem\\Filesystem::Illuminate\\Filesystem\\{closure}()
#12 D:\\ITTS\\SEMESTER 6\\Pemrograman Framework\\Praktikum8\\vendor\\laravel\\framework\\src\\Illuminate\\View\\Engines\\PhpEngine.php(58): Illuminate\\Filesystem\\Filesystem->getRequire('D:\\\\ITTS\\\\SEMESTE...', Array)
#13 D:\\ITTS\\SEMESTER 6\\Pemrograman Framework\\Praktikum8\\vendor\\laravel\\framework\\src\\Illuminate\\View\\Engines\\CompilerEngine.php(70): Illuminate\\View\\Engines\\PhpEngine->evaluatePath('D:\\\\ITTS\\\\SEMESTE...', Array)
#14 D:\\ITTS\\SEMESTER 6\\Pemrograman Framework\\Praktikum8\\vendor\\laravel\\framework\\src\\Illuminate\\View\\View.php(195): Illuminate\\View\\Engines\\CompilerEngine->get('D:\\\\ITTS\\\\SEMESTE...', Array)
#15 D:\\ITTS\\SEMESTER 6\\Pemrograman Framework\\Praktikum8\\vendor\\laravel\\framework\\src\\Illuminate\\View\\View.php(178): Illuminate\\View\\View->getContents()
#16 D:\\ITTS\\SEMESTER 6\\Pemrograman Framework\\Praktikum8\\vendor\\laravel\\framework\\src\\Illuminate\\View\\View.php(147): Illuminate\\View\\View->renderContents()
#17 D:\\ITTS\\SEMESTER 6\\Pemrograman Framework\\Praktikum8\\vendor\\laravel\\framework\\src\\Illuminate\\Http\\Response.php(69): Illuminate\\View\\View->render()
#18 D:\\ITTS\\SEMESTER 6\\Pemrograman Framework\\Praktikum8\\vendor\\laravel\\framework\\src\\Illuminate\\Http\\Response.php(35): Illuminate\\Http\\Response->setContent(Object(Illuminate\\View\\View))
#19 D:\\ITTS\\SEMESTER 6\\Pemrograman Framework\\Praktikum8\\vendor\\laravel\\framework\\src\\Illuminate\\Routing\\Router.php(911): Illuminate\\Http\\Response->__construct(Object(Illuminate\\View\\View), 200, Array)
#20 D:\\ITTS\\SEMESTER 6\\Pemrograman Framework\\Praktikum8\\vendor\\laravel\\framework\\src\\Illuminate\\Routing\\Router.php(878): Illuminate\\Routing\\Router::toResponse(Object(Illuminate\\Http\\Request), Object(Illuminate\\View\\View))
#21 D:\\ITTS\\SEMESTER 6\\Pemrograman Framework\\Praktikum8\\vendor\\laravel\\framework\\src\\Illuminate\\Routing\\Router.php(798): Illuminate\\Routing\\Router->prepareResponse(Object(Illuminate\\Http\\Request), Object(Illuminate\\View\\View))
#22 D:\\ITTS\\SEMESTER 6\\Pemrograman Framework\\Praktikum8\\vendor\\laravel\\framework\\src\\Illuminate\\Pipeline\\Pipeline.php(141): Illuminate\\Routing\\Router->Illuminate\\Routing\\{closure}(Object(Illuminate\\Http\\Request))
#23 D:\\ITTS\\SEMESTER 6\\Pemrograman Framework\\Praktikum8\\app\\Http\\Middleware\\RedirectIfAuthenticated.php(28): Illuminate\\Pipeline\\Pipeline->Illuminate\\Pipeline\\{closure}(Object(Illuminate\\Http\\Request))
#24 D:\\ITTS\\SEMESTER 6\\Pemrograman Framework\\Praktikum8\\vendor\\laravel\\framework\\src\\Illuminate\\Pipeline\\Pipeline.php(180): App\\Http\\Middleware\\RedirectIfAuthenticated->handle(Object(Illuminate\\Http\\Request), Object(Closure))
#25 D:\\ITTS\\SEMESTER 6\\Pemrograman Framework\\Praktikum8\\vendor\\laravel\\framework\\src\\Illuminate\\Routing\\Middleware\\SubstituteBindings.php(50): Illuminate\\Pipeline\\Pipeline->Illuminate\\Pipeline\\{closure}(Object(Illuminate\\Http\\Request))
#26 D:\\ITTS\\SEMESTER 6\\Pemrograman Framework\\Praktikum8\\vendor\\laravel\\framework\\src\\Illuminate\\Pipeline\\Pipeline.php(180): Illuminate\\Routing\\Middleware\\SubstituteBindings->handle(Object(Illuminate\\Http\\Request), Object(Closure))
#27 D:\\ITTS\\SEMESTER 6\\Pemrograman Framework\\Praktikum8\\vendor\\laravel\\framework\\src\\Illuminate\\Foundation\\Http\\Middleware\\VerifyCsrfToken.php(78): Illuminate\\Pipeline\\Pipeline->Illuminate\\Pipeline\\{closure}(Object(Illuminate\\Http\\Request))
#28 D:\\ITTS\\SEMESTER 6\\Pemrograman Framework\\Praktikum8\\vendor\\laravel\\framework\\src\\Illuminate\\Pipeline\\Pipeline.php(180): Illuminate\\Foundation\\Http\\Middleware\\VerifyCsrfToken->handle(Object(Illuminate\\Http\\Request), Object(Closure))
#29 D:\\ITTS\\SEMESTER 6\\Pemrograman Framework\\Praktikum8\\vendor\\laravel\\framework\\src\\Illuminate\\View\\Middleware\\ShareErrorsFromSession.php(49): Illuminate\\Pipeline\\Pipeline->Illuminate\\Pipeline\\{closure}(Object(Illuminate\\Http\\Request))
#30 D:\\ITTS\\SEMESTER 6\\Pemrograman Framework\\Praktikum8\\vendor\\laravel\\framework\\src\\Illuminate\\Pipeline\\Pipeline.php(180): Illuminate\\View\\Middleware\\ShareErrorsFromSession->handle(Object(Illuminate\\Http\\Request), Object(Closure))
#31 D:\\ITTS\\SEMESTER 6\\Pemrograman Framework\\Praktikum8\\vendor\\laravel\\framework\\src\\Illuminate\\Session\\Middleware\\StartSession.php(121): Illuminate\\Pipeline\\Pipeline->Illuminate\\Pipeline\\{closure}(Object(Illuminate\\Http\\Request))
#32 D:\\ITTS\\SEMESTER 6\\Pemrograman Framework\\Praktikum8\\vendor\\laravel\\framework\\src\\Illuminate\\Session\\Middleware\\StartSession.php(64): Illuminate\\Session\\Middleware\\StartSession->handleStatefulRequest(Object(Illuminate\\Http\\Request), Object(Illuminate\\Session\\Store), Object(Closure))
#33 D:\\ITTS\\SEMESTER 6\\Pemrograman Framework\\Praktikum8\\vendor\\laravel\\framework\\src\\Illuminate\\Pipeline\\Pipeline.php(180): Illuminate\\Session\\Middleware\\StartSession->handle(Object(Illuminate\\Http\\Request), Object(Closure))
#34 D:\\ITTS\\SEMESTER 6\\Pemrograman Framework\\Praktikum8\\vendor\\laravel\\framework\\src\\Illuminate\\Cookie\\Middleware\\AddQueuedCookiesToResponse.php(37): Illuminate\\Pipeline\\Pipeline->Illuminate\\Pipeline\\{closure}(Object(Illuminate\\Http\\Request))
#35 D:\\ITTS\\SEMESTER 6\\Pemrograman Framework\\Praktikum8\\vendor\\laravel\\framework\\src\\Illuminate\\Pipeline\\Pipeline.php(180): Illuminate\\Cookie\\Middleware\\AddQueuedCookiesToResponse->handle(Object(Illuminate\\Http\\Request), Object(Closure))
#36 D:\\ITTS\\SEMESTER 6\\Pemrograman Framework\\Praktikum8\\vendor\\laravel\\framework\\src\\Illuminate\\Cookie\\Middleware\\EncryptCookies.php(67): Illuminate\\Pipeline\\Pipeline->Illuminate\\Pipeline\\{closure}(Object(Illuminate\\Http\\Request))
#37 D:\\ITTS\\SEMESTER 6\\Pemrograman Framework\\Praktikum8\\vendor\\laravel\\framework\\src\\Illuminate\\Pipeline\\Pipeline.php(180): Illuminate\\Cookie\\Middleware\\EncryptCookies->handle(Object(Illuminate\\Http\\Request), Object(Closure))
#38 D:\\ITTS\\SEMESTER 6\\Pemrograman Framework\\Praktikum8\\vendor\\laravel\\framework\\src\\Illuminate\\Pipeline\\Pipeline.php(116): Illuminate\\Pipeline\\Pipeline->Illuminate\\Pipeline\\{closure}(Object(Illuminate\\Http\\Request))
#39 D:\\ITTS\\SEMESTER 6\\Pemrograman Framework\\Praktikum8\\vendor\\laravel\\framework\\src\\Illuminate\\Routing\\Router.php(798): Illuminate\\Pipeline\\Pipeline->then(Object(Closure))
#40 D:\\ITTS\\SEMESTER 6\\Pemrograman Framework\\Praktikum8\\vendor\\laravel\\framework\\src\\Illuminate\\Routing\\Router.php(777): Illuminate\\Routing\\Router->runRouteWithinStack(Object(Illuminate\\Routing\\Route), Object(Illuminate\\Http\\Request))
#41 D:\\ITTS\\SEMESTER 6\\Pemrograman Framework\\Praktikum8\\vendor\\laravel\\framework\\src\\Illuminate\\Routing\\Router.php(741): Illuminate\\Routing\\Router->runRoute(Object(Illuminate\\Http\\Request), Object(Illuminate\\Routing\\Route))
#42 D:\\ITTS\\SEMESTER 6\\Pemrograman Framework\\Praktikum8\\vendor\\laravel\\framework\\src\\Illuminate\\Routing\\Router.php(730): Illuminate\\Routing\\Router->dispatchToRoute(Object(Illuminate\\Http\\Request))
#43 D:\\ITTS\\SEMESTER 6\\Pemrograman Framework\\Praktikum8\\vendor\\laravel\\framework\\src\\Illuminate\\Foundation\\Http\\Kernel.php(200): Illuminate\\Routing\\Router->dispatch(Object(Illuminate\\Http\\Request))
#44 D:\\ITTS\\SEMESTER 6\\Pemrograman Framework\\Praktikum8\\vendor\\laravel\\framework\\src\\Illuminate\\Pipeline\\Pipeline.php(141): Illuminate\\Foundation\\Http\\Kernel->Illuminate\\Foundation\\Http\\{closure}(Object(Illuminate\\Http\\Request))
#45 D:\\ITTS\\SEMESTER 6\\Pemrograman Framework\\Praktikum8\\vendor\\laravel\\framework\\src\\Illuminate\\Foundation\\Http\\Middleware\\TransformsRequest.php(21): Illuminate\\Pipeline\\Pipeline->Illuminate\\Pipeline\\{closure}(Object(Illuminate\\Http\\Request))
#46 D:\\ITTS\\SEMESTER 6\\Pemrograman Framework\\Praktikum8\\vendor\\laravel\\framework\\src\\Illuminate\\Foundation\\Http\\Middleware\\ConvertEmptyStringsToNull.php(31): Illuminate\\Foundation\\Http\\Middleware\\TransformsRequest->handle(Object(Illuminate\\Http\\Request), Object(Closure))
#47 D:\\ITTS\\SEMESTER 6\\Pemrograman Framework\\Praktikum8\\vendor\\laravel\\framework\\src\\Illuminate\\Pipeline\\Pipeline.php(180): Illuminate\\Foundation\\Http\\Middleware\\ConvertEmptyStringsToNull->handle(Object(Illuminate\\Http\\Request), Object(Closure))
#48 D:\\ITTS\\SEMESTER 6\\Pemrograman Framework\\Praktikum8\\vendor\\laravel\\framework\\src\\Illuminate\\Foundation\\Http\\Middleware\\TransformsRequest.php(21): Illuminate\\Pipeline\\Pipeline->Illuminate\\Pipeline\\{closure}(Object(Illuminate\\Http\\Request))
#49 D:\\ITTS\\SEMESTER 6\\Pemrograman Framework\\Praktikum8\\vendor\\laravel\\framework\\src\\Illuminate\\Foundation\\Http\\Middleware\\TrimStrings.php(40): Illuminate\\Foundation\\Http\\Middleware\\TransformsRequest->handle(Object(Illuminate\\Http\\Request), Object(Closure))
#50 D:\\ITTS\\SEMESTER 6\\Pemrograman Framework\\Praktikum8\\vendor\\laravel\\framework\\src\\Illuminate\\Pipeline\\Pipeline.php(180): Illuminate\\Foundation\\Http\\Middleware\\TrimStrings->handle(Object(Illuminate\\Http\\Request), Object(Closure))
#51 D:\\ITTS\\SEMESTER 6\\Pemrograman Framework\\Praktikum8\\vendor\\laravel\\framework\\src\\Illuminate\\Foundation\\Http\\Middleware\\ValidatePostSize.php(27): Illuminate\\Pipeline\\Pipeline->Illuminate\\Pipeline\\{closure}(Object(Illuminate\\Http\\Request))
#52 D:\\ITTS\\SEMESTER 6\\Pemrograman Framework\\Praktikum8\\vendor\\laravel\\framework\\src\\Illuminate\\Pipeline\\Pipeline.php(180): Illuminate\\Foundation\\Http\\Middleware\\ValidatePostSize->handle(Object(Illuminate\\Http\\Request), Object(Closure))
#53 D:\\ITTS\\SEMESTER 6\\Pemrograman Framework\\Praktikum8\\vendor\\laravel\\framework\\src\\Illuminate\\Foundation\\Http\\Middleware\\PreventRequestsDuringMaintenance.php(86): Illuminate\\Pipeline\\Pipeline->Illuminate\\Pipeline\\{closure}(Object(Illuminate\\Http\\Request))
#54 D:\\ITTS\\SEMESTER 6\\Pemrograman Framework\\Praktikum8\\vendor\\laravel\\framework\\src\\Illuminate\\Pipeline\\Pipeline.php(180): Illuminate\\Foundation\\Http\\Middleware\\PreventRequestsDuringMaintenance->handle(Object(Illuminate\\Http\\Request), Object(Closure))
#55 D:\\ITTS\\SEMESTER 6\\Pemrograman Framework\\Praktikum8\\vendor\\laravel\\framework\\src\\Illuminate\\Http\\Middleware\\HandleCors.php(49): Illuminate\\Pipeline\\Pipeline->Illuminate\\Pipeline\\{closure}(Object(Illuminate\\Http\\Request))
#56 D:\\ITTS\\SEMESTER 6\\Pemrograman Framework\\Praktikum8\\vendor\\laravel\\framework\\src\\Illuminate\\Pipeline\\Pipeline.php(180): Illuminate\\Http\\Middleware\\HandleCors->handle(Object(Illuminate\\Http\\Request), Object(Closure))
#57 D:\\ITTS\\SEMESTER 6\\Pemrograman Framework\\Praktikum8\\vendor\\laravel\\framework\\src\\Illuminate\\Http\\Middleware\\TrustProxies.php(39): Illuminate\\Pipeline\\Pipeline->Illuminate\\Pipeline\\{closure}(Object(Illuminate\\Http\\Request))
#58 D:\\ITTS\\SEMESTER 6\\Pemrograman Framework\\Praktikum8\\vendor\\laravel\\framework\\src\\Illuminate\\Pipeline\\Pipeline.php(180): Illuminate\\Http\\Middleware\\TrustProxies->handle(Object(Illuminate\\Http\\Request), Object(Closure))
#59 D:\\ITTS\\SEMESTER 6\\Pemrograman Framework\\Praktikum8\\vendor\\laravel\\framework\\src\\Illuminate\\Pipeline\\Pipeline.php(116): Illuminate\\Pipeline\\Pipeline->Illuminate\\Pipeline\\{closure}(Object(Illuminate\\Http\\Request))
#60 D:\\ITTS\\SEMESTER 6\\Pemrograman Framework\\Praktikum8\\vendor\\laravel\\framework\\src\\Illuminate\\Foundation\\Http\\Kernel.php(175): Illuminate\\Pipeline\\Pipeline->then(Object(Closure))
#61 D:\\ITTS\\SEMESTER 6\\Pemrograman Framework\\Praktikum8\\vendor\\laravel\\framework\\src\\Illuminate\\Foundation\\Http\\Kernel.php(144): Illuminate\\Foundation\\Http\\Kernel->sendRequestThroughRouter(Object(Illuminate\\Http\\Request))
#62 D:\\ITTS\\SEMESTER 6\\Pemrograman Framework\\Praktikum8\\public\\index.php(51): Illuminate\\Foundation\\Http\\Kernel->handle(Object(Illuminate\\Http\\Request))
#63 D:\\ITTS\\SEMESTER 6\\Pemrograman Framework\\Praktikum8\\vendor\\laravel\\framework\\src\\Illuminate\\Foundation\\resources\\server.php(16): require_once('D:\\\\ITTS\\\\SEMESTE...')
#64 {main}

[previous exception] [object] (Exception(code: 0): Vite manifest not found at: D:\\ITTS\\SEMESTER 6\\Pemrograman Framework\\Praktikum8\\public\\build/manifest.json at D:\\ITTS\\SEMESTER 6\\Pemrograman Framework\\Praktikum8\\vendor\\laravel\\framework\\src\\Illuminate\\Foundation\\Vite.php:684)
[stacktrace]
#0 D:\\ITTS\\SEMESTER 6\\Pemrograman Framework\\Praktikum8\\vendor\\laravel\\framework\\src\\Illuminate\\Foundation\\Vite.php(273): Illuminate\\Foundation\\Vite->manifest('build')
#1 D:\\ITTS\\SEMESTER 6\\Pemrograman Framework\\Praktikum8\\storage\\framework\\views\\843191fe4dcbabe4a5905955070b244f.php(17): Illuminate\\Foundation\\Vite->__invoke(Object(Illuminate\\Support\\Collection))
#2 D:\\ITTS\\SEMESTER 6\\Pemrograman Framework\\Praktikum8\\vendor\\laravel\\framework\\src\\Illuminate\\Filesystem\\Filesystem.php(124): require('D:\\\\ITTS\\\\SEMESTE...')
#3 D:\\ITTS\\SEMESTER 6\\Pemrograman Framework\\Praktikum8\\vendor\\laravel\\framework\\src\\Illuminate\\Filesystem\\Filesystem.php(125): Illuminate\\Filesystem\\Filesystem::Illuminate\\Filesystem\\{closure}()
#4 D:\\ITTS\\SEMESTER 6\\Pemrograman Framework\\Praktikum8\\vendor\\laravel\\framework\\src\\Illuminate\\View\\Engines\\PhpEngine.php(58): Illuminate\\Filesystem\\Filesystem->getRequire('D:\\\\ITTS\\\\SEMESTE...', Array)
#5 D:\\ITTS\\SEMESTER 6\\Pemrograman Framework\\Praktikum8\\vendor\\laravel\\framework\\src\\Illuminate\\View\\Engines\\CompilerEngine.php(70): Illuminate\\View\\Engines\\PhpEngine->evaluatePath('D:\\\\ITTS\\\\SEMESTE...', Array)
#6 D:\\ITTS\\SEMESTER 6\\Pemrograman Framework\\Praktikum8\\vendor\\laravel\\framework\\src\\Illuminate\\View\\View.php(195): Illuminate\\View\\Engines\\CompilerEngine->get('D:\\\\ITTS\\\\SEMESTE...', Array)
#7 D:\\ITTS\\SEMESTER 6\\Pemrograman Framework\\Praktikum8\\vendor\\laravel\\framework\\src\\Illuminate\\View\\View.php(178): Illuminate\\View\\View->getContents()
#8 D:\\ITTS\\SEMESTER 6\\Pemrograman Framework\\Praktikum8\\vendor\\laravel\\framework\\src\\Illuminate\\View\\View.php(147): Illuminate\\View\\View->renderContents()
#9 D:\\ITTS\\SEMESTER 6\\Pemrograman Framework\\Praktikum8\\storage\\framework\\views\\6c4eab16e942357de652ae97f0129f8a.php(104): Illuminate\\View\\View->render()
#10 D:\\ITTS\\SEMESTER 6\\Pemrograman Framework\\Praktikum8\\vendor\\laravel\\framework\\src\\Illuminate\\Filesystem\\Filesystem.php(124): require('D:\\\\ITTS\\\\SEMESTE...')
#11 D:\\ITTS\\SEMESTER 6\\Pemrograman Framework\\Praktikum8\\vendor\\laravel\\framework\\src\\Illuminate\\Filesystem\\Filesystem.php(125): Illuminate\\Filesystem\\Filesystem::Illuminate\\Filesystem\\{closure}()
#12 D:\\ITTS\\SEMESTER 6\\Pemrograman Framework\\Praktikum8\\vendor\\laravel\\framework\\src\\Illuminate\\View\\Engines\\PhpEngine.php(58): Illuminate\\Filesystem\\Filesystem->getRequire('D:\\\\ITTS\\\\SEMESTE...', Array)
#13 D:\\ITTS\\SEMESTER 6\\Pemrograman Framework\\Praktikum8\\vendor\\laravel\\framework\\src\\Illuminate\\View\\Engines\\CompilerEngine.php(70): Illuminate\\View\\Engines\\PhpEngine->evaluatePath('D:\\\\ITTS\\\\SEMESTE...', Array)
#14 D:\\ITTS\\SEMESTER 6\\Pemrograman Framework\\Praktikum8\\vendor\\laravel\\framework\\src\\Illuminate\\View\\View.php(195): Illuminate\\View\\Engines\\CompilerEngine->get('D:\\\\ITTS\\\\SEMESTE...', Array)
#15 D:\\ITTS\\SEMESTER 6\\Pemrograman Framework\\Praktikum8\\vendor\\laravel\\framework\\src\\Illuminate\\View\\View.php(178): Illuminate\\View\\View->getContents()
#16 D:\\ITTS\\SEMESTER 6\\Pemrograman Framework\\Praktikum8\\vendor\\laravel\\framework\\src\\Illuminate\\View\\View.php(147): Illuminate\\View\\View->renderContents()
#17 D:\\ITTS\\SEMESTER 6\\Pemrograman Framework\\Praktikum8\\vendor\\laravel\\framework\\src\\Illuminate\\Http\\Response.php(69): Illuminate\\View\\View->render()
#18 D:\\ITTS\\SEMESTER 6\\Pemrograman Framework\\Praktikum8\\vendor\\laravel\\framework\\src\\Illuminate\\Http\\Response.php(35): Illuminate\\Http\\Response->setContent(Object(Illuminate\\View\\View))
#19 D:\\ITTS\\SEMESTER 6\\Pemrograman Framework\\Praktikum8\\vendor\\laravel\\framework\\src\\Illuminate\\Routing\\Router.php(911): Illuminate\\Http\\Response->__construct(Object(Illuminate\\View\\View), 200, Array)
#20 D:\\ITTS\\SEMESTER 6\\Pemrograman Framework\\Praktikum8\\vendor\\laravel\\framework\\src\\Illuminate\\Routing\\Router.php(878): Illuminate\\Routing\\Router::toResponse(Object(Illuminate\\Http\\Request), Object(Illuminate\\View\\View))
#21 D:\\ITTS\\SEMESTER 6\\Pemrograman Framework\\Praktikum8\\vendor\\laravel\\framework\\src\\Illuminate\\Routing\\Router.php(798): Illuminate\\Routing\\Router->prepareResponse(Object(Illuminate\\Http\\Request), Object(Illuminate\\View\\View))
#22 D:\\ITTS\\SEMESTER 6\\Pemrograman Framework\\Praktikum8\\vendor\\laravel\\framework\\src\\Illuminate\\Pipeline\\Pipeline.php(141): Illuminate\\Routing\\Router->Illuminate\\Routing\\{closure}(Object(Illuminate\\Http\\Request))
#23 D:\\ITTS\\SEMESTER 6\\Pemrograman Framework\\Praktikum8\\app\\Http\\Middleware\\RedirectIfAuthenticated.php(28): Illuminate\\Pipeline\\Pipeline->Illuminate\\Pipeline\\{closure}(Object(Illuminate\\Http\\Request))
#24 D:\\ITTS\\SEMESTER 6\\Pemrograman Framework\\Praktikum8\\vendor\\laravel\\framework\\src\\Illuminate\\Pipeline\\Pipeline.php(180): App\\Http\\Middleware\\RedirectIfAuthenticated->handle(Object(Illuminate\\Http\\Request), Object(Closure))
#25 D:\\ITTS\\SEMESTER 6\\Pemrograman Framework\\Praktikum8\\vendor\\laravel\\framework\\src\\Illuminate\\Routing\\Middleware\\SubstituteBindings.php(50): Illuminate\\Pipeline\\Pipeline->Illuminate\\Pipeline\\{closure}(Object(Illuminate\\Http\\Request))
#26 D:\\ITTS\\SEMESTER 6\\Pemrograman Framework\\Praktikum8\\vendor\\laravel\\framework\\src\\Illuminate\\Pipeline\\Pipeline.php(180): Illuminate\\Routing\\Middleware\\SubstituteBindings->handle(Object(Illuminate\\Http\\Request), Object(Closure))
#27 D:\\ITTS\\SEMESTER 6\\Pemrograman Framework\\Praktikum8\\vendor\\laravel\\framework\\src\\Illuminate\\Foundation\\Http\\Middleware\\VerifyCsrfToken.php(78): Illuminate\\Pipeline\\Pipeline->Illuminate\\Pipeline\\{closure}(Object(Illuminate\\Http\\Request))
#28 D:\\ITTS\\SEMESTER 6\\Pemrograman Framework\\Praktikum8\\vendor\\laravel\\framework\\src\\Illuminate\\Pipeline\\Pipeline.php(180): Illuminate\\Foundation\\Http\\Middleware\\VerifyCsrfToken->handle(Object(Illuminate\\Http\\Request), Object(Closure))
#29 D:\\ITTS\\SEMESTER 6\\Pemrograman Framework\\Praktikum8\\vendor\\laravel\\framework\\src\\Illuminate\\View\\Middleware\\ShareErrorsFromSession.php(49): Illuminate\\Pipeline\\Pipeline->Illuminate\\Pipeline\\{closure}(Object(Illuminate\\Http\\Request))
#30 D:\\ITTS\\SEMESTER 6\\Pemrograman Framework\\Praktikum8\\vendor\\laravel\\framework\\src\\Illuminate\\Pipeline\\Pipeline.php(180): Illuminate\\View\\Middleware\\ShareErrorsFromSession->handle(Object(Illuminate\\Http\\Request), Object(Closure))
#31 D:\\ITTS\\SEMESTER 6\\Pemrograman Framework\\Praktikum8\\vendor\\laravel\\framework\\src\\Illuminate\\Session\\Middleware\\StartSession.php(121): Illuminate\\Pipeline\\Pipeline->Illuminate\\Pipeline\\{closure}(Object(Illuminate\\Http\\Request))
#32 D:\\ITTS\\SEMESTER 6\\Pemrograman Framework\\Praktikum8\\vendor\\laravel\\framework\\src\\Illuminate\\Session\\Middleware\\StartSession.php(64): Illuminate\\Session\\Middleware\\StartSession->handleStatefulRequest(Object(Illuminate\\Http\\Request), Object(Illuminate\\Session\\Store), Object(Closure))
#33 D:\\ITTS\\SEMESTER 6\\Pemrograman Framework\\Praktikum8\\vendor\\laravel\\framework\\src\\Illuminate\\Pipeline\\Pipeline.php(180): Illuminate\\Session\\Middleware\\StartSession->handle(Object(Illuminate\\Http\\Request), Object(Closure))
#34 D:\\ITTS\\SEMESTER 6\\Pemrograman Framework\\Praktikum8\\vendor\\laravel\\framework\\src\\Illuminate\\Cookie\\Middleware\\AddQueuedCookiesToResponse.php(37): Illuminate\\Pipeline\\Pipeline->Illuminate\\Pipeline\\{closure}(Object(Illuminate\\Http\\Request))
#35 D:\\ITTS\\SEMESTER 6\\Pemrograman Framework\\Praktikum8\\vendor\\laravel\\framework\\src\\Illuminate\\Pipeline\\Pipeline.php(180): Illuminate\\Cookie\\Middleware\\AddQueuedCookiesToResponse->handle(Object(Illuminate\\Http\\Request), Object(Closure))
#36 D:\\ITTS\\SEMESTER 6\\Pemrograman Framework\\Praktikum8\\vendor\\laravel\\framework\\src\\Illuminate\\Cookie\\Middleware\\EncryptCookies.php(67): Illuminate\\Pipeline\\Pipeline->Illuminate\\Pipeline\\{closure}(Object(Illuminate\\Http\\Request))
#37 D:\\ITTS\\SEMESTER 6\\Pemrograman Framework\\Praktikum8\\vendor\\laravel\\framework\\src\\Illuminate\\Pipeline\\Pipeline.php(180): Illuminate\\Cookie\\Middleware\\EncryptCookies->handle(Object(Illuminate\\Http\\Request), Object(Closure))
#38 D:\\ITTS\\SEMESTER 6\\Pemrograman Framework\\Praktikum8\\vendor\\laravel\\framework\\src\\Illuminate\\Pipeline\\Pipeline.php(116): Illuminate\\Pipeline\\Pipeline->Illuminate\\Pipeline\\{closure}(Object(Illuminate\\Http\\Request))
#39 D:\\ITTS\\SEMESTER 6\\Pemrograman Framework\\Praktikum8\\vendor\\laravel\\framework\\src\\Illuminate\\Routing\\Router.php(798): Illuminate\\Pipeline\\Pipeline->then(Object(Closure))
#40 D:\\ITTS\\SEMESTER 6\\Pemrograman Framework\\Praktikum8\\vendor\\laravel\\framework\\src\\Illuminate\\Routing\\Router.php(777): Illuminate\\Routing\\Router->runRouteWithinStack(Object(Illuminate\\Routing\\Route), Object(Illuminate\\Http\\Request))
#41 D:\\ITTS\\SEMESTER 6\\Pemrograman Framework\\Praktikum8\\vendor\\laravel\\framework\\src\\Illuminate\\Routing\\Router.php(741): Illuminate\\Routing\\Router->runRoute(Object(Illuminate\\Http\\Request), Object(Illuminate\\Routing\\Route))
#42 D:\\ITTS\\SEMESTER 6\\Pemrograman Framework\\Praktikum8\\vendor\\laravel\\framework\\src\\Illuminate\\Routing\\Router.php(730): Illuminate\\Routing\\Router->dispatchToRoute(Object(Illuminate\\Http\\Request))
#43 D:\\ITTS\\SEMESTER 6\\Pemrograman Framework\\Praktikum8\\vendor\\laravel\\framework\\src\\Illuminate\\Foundation\\Http\\Kernel.php(200): Illuminate\\Routing\\Router->dispatch(Object(Illuminate\\Http\\Request))
#44 D:\\ITTS\\SEMESTER 6\\Pemrograman Framework\\Praktikum8\\vendor\\laravel\\framework\\src\\Illuminate\\Pipeline\\Pipeline.php(141): Illuminate\\Foundation\\Http\\Kernel->Illuminate\\Foundation\\Http\\{closure}(Object(Illuminate\\Http\\Request))
#45 D:\\ITTS\\SEMESTER 6\\Pemrograman Framework\\Praktikum8\\vendor\\laravel\\framework\\src\\Illuminate\\Foundation\\Http\\Middleware\\TransformsRequest.php(21): Illuminate\\Pipeline\\Pipeline->Illuminate\\Pipeline\\{closure}(Object(Illuminate\\Http\\Request))
#46 D:\\ITTS\\SEMESTER 6\\Pemrograman Framework\\Praktikum8\\vendor\\laravel\\framework\\src\\Illuminate\\Foundation\\Http\\Middleware\\ConvertEmptyStringsToNull.php(31): Illuminate\\Foundation\\Http\\Middleware\\TransformsRequest->handle(Object(Illuminate\\Http\\Request), Object(Closure))
#47 D:\\ITTS\\SEMESTER 6\\Pemrograman Framework\\Praktikum8\\vendor\\laravel\\framework\\src\\Illuminate\\Pipeline\\Pipeline.php(180): Illuminate\\Foundation\\Http\\Middleware\\ConvertEmptyStringsToNull->handle(Object(Illuminate\\Http\\Request), Object(Closure))
#48 D:\\ITTS\\SEMESTER 6\\Pemrograman Framework\\Praktikum8\\vendor\\laravel\\framework\\src\\Illuminate\\Foundation\\Http\\Middleware\\TransformsRequest.php(21): Illuminate\\Pipeline\\Pipeline->Illuminate\\Pipeline\\{closure}(Object(Illuminate\\Http\\Request))
#49 D:\\ITTS\\SEMESTER 6\\Pemrograman Framework\\Praktikum8\\vendor\\laravel\\framework\\src\\Illuminate\\Foundation\\Http\\Middleware\\TrimStrings.php(40): Illuminate\\Foundation\\Http\\Middleware\\TransformsRequest->handle(Object(Illuminate\\Http\\Request), Object(Closure))
#50 D:\\ITTS\\SEMESTER 6\\Pemrograman Framework\\Praktikum8\\vendor\\laravel\\framework\\src\\Illuminate\\Pipeline\\Pipeline.php(180): Illuminate\\Foundation\\Http\\Middleware\\TrimStrings->handle(Object(Illuminate\\Http\\Request), Object(Closure))
#51 D:\\ITTS\\SEMESTER 6\\Pemrograman Framework\\Praktikum8\\vendor\\laravel\\framework\\src\\Illuminate\\Foundation\\Http\\Middleware\\ValidatePostSize.php(27): Illuminate\\Pipeline\\Pipeline->Illuminate\\Pipeline\\{closure}(Object(Illuminate\\Http\\Request))
#52 D:\\ITTS\\SEMESTER 6\\Pemrograman Framework\\Praktikum8\\vendor\\laravel\\framework\\src\\Illuminate\\Pipeline\\Pipeline.php(180): Illuminate\\Foundation\\Http\\Middleware\\ValidatePostSize->handle(Object(Illuminate\\Http\\Request), Object(Closure))
#53 D:\\ITTS\\SEMESTER 6\\Pemrograman Framework\\Praktikum8\\vendor\\laravel\\framework\\src\\Illuminate\\Foundation\\Http\\Middleware\\PreventRequestsDuringMaintenance.php(86): Illuminate\\Pipeline\\Pipeline->Illuminate\\Pipeline\\{closure}(Object(Illuminate\\Http\\Request))
#54 D:\\ITTS\\SEMESTER 6\\Pemrograman Framework\\Praktikum8\\vendor\\laravel\\framework\\src\\Illuminate\\Pipeline\\Pipeline.php(180): Illuminate\\Foundation\\Http\\Middleware\\PreventRequestsDuringMaintenance->handle(Object(Illuminate\\Http\\Request), Object(Closure))
#55 D:\\ITTS\\SEMESTER 6\\Pemrograman Framework\\Praktikum8\\vendor\\laravel\\framework\\src\\Illuminate\\Http\\Middleware\\HandleCors.php(49): Illuminate\\Pipeline\\Pipeline->Illuminate\\Pipeline\\{closure}(Object(Illuminate\\Http\\Request))
#56 D:\\ITTS\\SEMESTER 6\\Pemrograman Framework\\Praktikum8\\vendor\\laravel\\framework\\src\\Illuminate\\Pipeline\\Pipeline.php(180): Illuminate\\Http\\Middleware\\HandleCors->handle(Object(Illuminate\\Http\\Request), Object(Closure))
#57 D:\\ITTS\\SEMESTER 6\\Pemrograman Framework\\Praktikum8\\vendor\\laravel\\framework\\src\\Illuminate\\Http\\Middleware\\TrustProxies.php(39): Illuminate\\Pipeline\\Pipeline->Illuminate\\Pipeline\\{closure}(Object(Illuminate\\Http\\Request))
#58 D:\\ITTS\\SEMESTER 6\\Pemrograman Framework\\Praktikum8\\vendor\\laravel\\framework\\src\\Illuminate\\Pipeline\\Pipeline.php(180): Illuminate\\Http\\Middleware\\TrustProxies->handle(Object(Illuminate\\Http\\Request), Object(Closure))
#59 D:\\ITTS\\SEMESTER 6\\Pemrograman Framework\\Praktikum8\\vendor\\laravel\\framework\\src\\Illuminate\\Pipeline\\Pipeline.php(116): Illuminate\\Pipeline\\Pipeline->Illuminate\\Pipeline\\{closure}(Object(Illuminate\\Http\\Request))
#60 D:\\ITTS\\SEMESTER 6\\Pemrograman Framework\\Praktikum8\\vendor\\laravel\\framework\\src\\Illuminate\\Foundation\\Http\\Kernel.php(175): Illuminate\\Pipeline\\Pipeline->then(Object(Closure))
#61 D:\\ITTS\\SEMESTER 6\\Pemrograman Framework\\Praktikum8\\vendor\\laravel\\framework\\src\\Illuminate\\Foundation\\Http\\Kernel.php(144): Illuminate\\Foundation\\Http\\Kernel->sendRequestThroughRouter(Object(Illuminate\\Http\\Request))
#62 D:\\ITTS\\SEMESTER 6\\Pemrograman Framework\\Praktikum8\\public\\index.php(51): Illuminate\\Foundation\\Http\\Kernel->handle(Object(Illuminate\\Http\\Request))
#63 D:\\ITTS\\SEMESTER 6\\Pemrograman Framework\\Praktikum8\\vendor\\laravel\\framework\\src\\Illuminate\\Foundation\\resources\\server.php(16): require_once('D:\\\\ITTS\\\\SEMESTE...')
#64 {main}
"} 
[2023-07-06 14:27:31] local.ERROR: SQLSTATE[42S02]: Base table or view not found: 1146 Table 'laravel_auth.users' doesn't exist (Connection: mysql, SQL: select count(*) as aggregate from `users` where `email` = ilma@gmail.com) {"exception":"[object] (Illuminate\\Database\\QueryException(code: 42S02): SQLSTATE[42S02]: Base table or view not found: 1146 Table 'laravel_auth.users' doesn't exist (Connection: mysql, SQL: select count(*) as aggregate from `users` where `email` = ilma@gmail.com) at D:\\ITTS\\SEMESTER 6\\Pemrograman Framework\\Praktikum8\\vendor\\laravel\\framework\\src\\Illuminate\\Database\\Connection.php:795)
[stacktrace]
#0 D:\\ITTS\\SEMESTER 6\\Pemrograman Framework\\Praktikum8\\vendor\\laravel\\framework\\src\\Illuminate\\Database\\Connection.php(755): Illuminate\\Database\\Connection->runQueryCallback('select count(*)...', Array, Object(Closure))
#1 D:\\ITTS\\SEMESTER 6\\Pemrograman Framework\\Praktikum8\\vendor\\laravel\\framework\\src\\Illuminate\\Database\\Connection.php(407): Illuminate\\Database\\Connection->run('select count(*)...', Array, Object(Closure))
#2 D:\\ITTS\\SEMESTER 6\\Pemrograman Framework\\Praktikum8\\vendor\\laravel\\framework\\src\\Illuminate\\Database\\Query\\Builder.php(2735): Illuminate\\Database\\Connection->select('select count(*)...', Array, false)
#3 D:\\ITTS\\SEMESTER 6\\Pemrograman Framework\\Praktikum8\\vendor\\laravel\\framework\\src\\Illuminate\\Database\\Query\\Builder.php(2724): Illuminate\\Database\\Query\\Builder->runSelect()
#4 D:\\ITTS\\SEMESTER 6\\Pemrograman Framework\\Praktikum8\\vendor\\laravel\\framework\\src\\Illuminate\\Database\\Query\\Builder.php(3278): Illuminate\\Database\\Query\\Builder->Illuminate\\Database\\Query\\{closure}()
#5 D:\\ITTS\\SEMESTER 6\\Pemrograman Framework\\Praktikum8\\vendor\\laravel\\framework\\src\\Illuminate\\Database\\Query\\Builder.php(2723): Illuminate\\Database\\Query\\Builder->onceWithColumns(Array, Object(Closure))
#6 D:\\ITTS\\SEMESTER 6\\Pemrograman Framework\\Praktikum8\\vendor\\laravel\\framework\\src\\Illuminate\\Database\\Query\\Builder.php(3205): Illuminate\\Database\\Query\\Builder->get(Array)
#7 D:\\ITTS\\SEMESTER 6\\Pemrograman Framework\\Praktikum8\\vendor\\laravel\\framework\\src\\Illuminate\\Database\\Query\\Builder.php(3133): Illuminate\\Database\\Query\\Builder->aggregate('count', Array)
#8 D:\\ITTS\\SEMESTER 6\\Pemrograman Framework\\Praktikum8\\vendor\\laravel\\framework\\src\\Illuminate\\Validation\\DatabasePresenceVerifier.php(54): Illuminate\\Database\\Query\\Builder->count()
#9 D:\\ITTS\\SEMESTER 6\\Pemrograman Framework\\Praktikum8\\vendor\\laravel\\framework\\src\\Illuminate\\Validation\\Concerns\\ValidatesAttributes.php(939): Illuminate\\Validation\\DatabasePresenceVerifier->getCount('users', 'email', 'ilma@gmail.com', NULL, NULL, Array)
#10 D:\\ITTS\\SEMESTER 6\\Pemrograman Framework\\Praktikum8\\vendor\\laravel\\framework\\src\\Illuminate\\Validation\\Validator.php(624): Illuminate\\Validation\\Validator->validateUnique('email', 'ilma@gmail.com', Array, Object(Illuminate\\Validation\\Validator))
#11 D:\\ITTS\\SEMESTER 6\\Pemrograman Framework\\Praktikum8\\vendor\\laravel\\framework\\src\\Illuminate\\Validation\\Validator.php(430): Illuminate\\Validation\\Validator->validateAttribute('email', 'Unique')
#12 D:\\ITTS\\SEMESTER 6\\Pemrograman Framework\\Praktikum8\\vendor\\laravel\\framework\\src\\Illuminate\\Validation\\Validator.php(461): Illuminate\\Validation\\Validator->passes()
#13 D:\\ITTS\\SEMESTER 6\\Pemrograman Framework\\Praktikum8\\vendor\\laravel\\framework\\src\\Illuminate\\Validation\\Validator.php(503): Illuminate\\Validation\\Validator->fails()
#14 D:\\ITTS\\SEMESTER 6\\Pemrograman Framework\\Praktikum8\\vendor\\laravel\\ui\\auth-backend\\RegistersUsers.php(32): Illuminate\\Validation\\Validator->validate()
#15 D:\\ITTS\\SEMESTER 6\\Pemrograman Framework\\Praktikum8\\vendor\\laravel\\framework\\src\\Illuminate\\Routing\\Controller.php(54): App\\Http\\Controllers\\Auth\\RegisterController->register(Object(Illuminate\\Http\\Request))
#16 D:\\ITTS\\SEMESTER 6\\Pemrograman Framework\\Praktikum8\\vendor\\laravel\\framework\\src\\Illuminate\\Routing\\ControllerDispatcher.php(43): Illuminate\\Routing\\Controller->callAction('register', Array)
#17 D:\\ITTS\\SEMESTER 6\\Pemrograman Framework\\Praktikum8\\vendor\\laravel\\framework\\src\\Illuminate\\Routing\\Route.php(259): Illuminate\\Routing\\ControllerDispatcher->dispatch(Object(Illuminate\\Routing\\Route), Object(App\\Http\\Controllers\\Auth\\RegisterController), 'register')
#18 D:\\ITTS\\SEMESTER 6\\Pemrograman Framework\\Praktikum8\\vendor\\laravel\\framework\\src\\Illuminate\\Routing\\Route.php(205): Illuminate\\Routing\\Route->runController()
#19 D:\\ITTS\\SEMESTER 6\\Pemrograman Framework\\Praktikum8\\vendor\\laravel\\framework\\src\\Illuminate\\Routing\\Router.php(799): Illuminate\\Routing\\Route->run()
#20 D:\\ITTS\\SEMESTER 6\\Pemrograman Framework\\Praktikum8\\vendor\\laravel\\framework\\src\\Illuminate\\Pipeline\\Pipeline.php(141): Illuminate\\Routing\\Router->Illuminate\\Routing\\{closure}(Object(Illuminate\\Http\\Request))
#21 D:\\ITTS\\SEMESTER 6\\Pemrograman Framework\\Praktikum8\\app\\Http\\Middleware\\RedirectIfAuthenticated.php(28): Illuminate\\Pipeline\\Pipeline->Illuminate\\Pipeline\\{closure}(Object(Illuminate\\Http\\Request))
#22 D:\\ITTS\\SEMESTER 6\\Pemrograman Framework\\Praktikum8\\vendor\\laravel\\framework\\src\\Illuminate\\Pipeline\\Pipeline.php(180): App\\Http\\Middleware\\RedirectIfAuthenticated->handle(Object(Illuminate\\Http\\Request), Object(Closure))
#23 D:\\ITTS\\SEMESTER 6\\Pemrograman Framework\\Praktikum8\\vendor\\laravel\\framework\\src\\Illuminate\\Routing\\Middleware\\SubstituteBindings.php(50): Illuminate\\Pipeline\\Pipeline->Illuminate\\Pipeline\\{closure}(Object(Illuminate\\Http\\Request))
#24 D:\\ITTS\\SEMESTER 6\\Pemrograman Framework\\Praktikum8\\vendor\\laravel\\framework\\src\\Illuminate\\Pipeline\\Pipeline.php(180): Illuminate\\Routing\\Middleware\\SubstituteBindings->handle(Object(Illuminate\\Http\\Request), Object(Closure))
#25 D:\\ITTS\\SEMESTER 6\\Pemrograman Framework\\Praktikum8\\vendor\\laravel\\framework\\src\\Illuminate\\Foundation\\Http\\Middleware\\VerifyCsrfToken.php(78): Illuminate\\Pipeline\\Pipeline->Illuminate\\Pipeline\\{closure}(Object(Illuminate\\Http\\Request))
#26 D:\\ITTS\\SEMESTER 6\\Pemrograman Framework\\Praktikum8\\vendor\\laravel\\framework\\src\\Illuminate\\Pipeline\\Pipeline.php(180): Illuminate\\Foundation\\Http\\Middleware\\VerifyCsrfToken->handle(Object(Illuminate\\Http\\Request), Object(Closure))
#27 D:\\ITTS\\SEMESTER 6\\Pemrograman Framework\\Praktikum8\\vendor\\laravel\\framework\\src\\Illuminate\\View\\Middleware\\ShareErrorsFromSession.php(49): Illuminate\\Pipeline\\Pipeline->Illuminate\\Pipeline\\{closure}(Object(Illuminate\\Http\\Request))
#28 D:\\ITTS\\SEMESTER 6\\Pemrograman Framework\\Praktikum8\\vendor\\laravel\\framework\\src\\Illuminate\\Pipeline\\Pipeline.php(180): Illuminate\\View\\Middleware\\ShareErrorsFromSession->handle(Object(Illuminate\\Http\\Request), Object(Closure))
#29 D:\\ITTS\\SEMESTER 6\\Pemrograman Framework\\Praktikum8\\vendor\\laravel\\framework\\src\\Illuminate\\Session\\Middleware\\StartSession.php(121): Illuminate\\Pipeline\\Pipeline->Illuminate\\Pipeline\\{closure}(Object(Illuminate\\Http\\Request))
#30 D:\\ITTS\\SEMESTER 6\\Pemrograman Framework\\Praktikum8\\vendor\\laravel\\framework\\src\\Illuminate\\Session\\Middleware\\StartSession.php(64): Illuminate\\Session\\Middleware\\StartSession->handleStatefulRequest(Object(Illuminate\\Http\\Request), Object(Illuminate\\Session\\Store), Object(Closure))
#31 D:\\ITTS\\SEMESTER 6\\Pemrograman Framework\\Praktikum8\\vendor\\laravel\\framework\\src\\Illuminate\\Pipeline\\Pipeline.php(180): Illuminate\\Session\\Middleware\\StartSession->handle(Object(Illuminate\\Http\\Request), Object(Closure))
#32 D:\\ITTS\\SEMESTER 6\\Pemrograman Framework\\Praktikum8\\vendor\\laravel\\framework\\src\\Illuminate\\Cookie\\Middleware\\AddQueuedCookiesToResponse.php(37): Illuminate\\Pipeline\\Pipeline->Illuminate\\Pipeline\\{closure}(Object(Illuminate\\Http\\Request))
#33 D:\\ITTS\\SEMESTER 6\\Pemrograman Framework\\Praktikum8\\vendor\\laravel\\framework\\src\\Illuminate\\Pipeline\\Pipeline.php(180): Illuminate\\Cookie\\Middleware\\AddQueuedCookiesToResponse->handle(Object(Illuminate\\Http\\Request), Object(Closure))
#34 D:\\ITTS\\SEMESTER 6\\Pemrograman Framework\\Praktikum8\\vendor\\laravel\\framework\\src\\Illuminate\\Cookie\\Middleware\\EncryptCookies.php(67): Illuminate\\Pipeline\\Pipeline->Illuminate\\Pipeline\\{closure}(Object(Illuminate\\Http\\Request))
#35 D:\\ITTS\\SEMESTER 6\\Pemrograman Framework\\Praktikum8\\vendor\\laravel\\framework\\src\\Illuminate\\Pipeline\\Pipeline.php(180): Illuminate\\Cookie\\Middleware\\EncryptCookies->handle(Object(Illuminate\\Http\\Request), Object(Closure))
#36 D:\\ITTS\\SEMESTER 6\\Pemrograman Framework\\Praktikum8\\vendor\\laravel\\framework\\src\\Illuminate\\Pipeline\\Pipeline.php(116): Illuminate\\Pipeline\\Pipeline->Illuminate\\Pipeline\\{closure}(Object(Illuminate\\Http\\Request))
#37 D:\\ITTS\\SEMESTER 6\\Pemrograman Framework\\Praktikum8\\vendor\\laravel\\framework\\src\\Illuminate\\Routing\\Router.php(798): Illuminate\\Pipeline\\Pipeline->then(Object(Closure))
#38 D:\\ITTS\\SEMESTER 6\\Pemrograman Framework\\Praktikum8\\vendor\\laravel\\framework\\src\\Illuminate\\Routing\\Router.php(777): Illuminate\\Routing\\Router->runRouteWithinStack(Object(Illuminate\\Routing\\Route), Object(Illuminate\\Http\\Request))
#39 D:\\ITTS\\SEMESTER 6\\Pemrograman Framework\\Praktikum8\\vendor\\laravel\\framework\\src\\Illuminate\\Routing\\Router.php(741): Illuminate\\Routing\\Router->runRoute(Object(Illuminate\\Http\\Request), Object(Illuminate\\Routing\\Route))
#40 D:\\ITTS\\SEMESTER 6\\Pemrograman Framework\\Praktikum8\\vendor\\laravel\\framework\\src\\Illuminate\\Routing\\Router.php(730): Illuminate\\Routing\\Router->dispatchToRoute(Object(Illuminate\\Http\\Request))
#41 D:\\ITTS\\SEMESTER 6\\Pemrograman Framework\\Praktikum8\\vendor\\laravel\\framework\\src\\Illuminate\\Foundation\\Http\\Kernel.php(200): Illuminate\\Routing\\Router->dispatch(Object(Illuminate\\Http\\Request))
#42 D:\\ITTS\\SEMESTER 6\\Pemrograman Framework\\Praktikum8\\vendor\\laravel\\framework\\src\\Illuminate\\Pipeline\\Pipeline.php(141): Illuminate\\Foundation\\Http\\Kernel->Illuminate\\Foundation\\Http\\{closure}(Object(Illuminate\\Http\\Request))
#43 D:\\ITTS\\SEMESTER 6\\Pemrograman Framework\\Praktikum8\\vendor\\laravel\\framework\\src\\Illuminate\\Foundation\\Http\\Middleware\\TransformsRequest.php(21): Illuminate\\Pipeline\\Pipeline->Illuminate\\Pipeline\\{closure}(Object(Illuminate\\Http\\Request))
#44 D:\\ITTS\\SEMESTER 6\\Pemrograman Framework\\Praktikum8\\vendor\\laravel\\framework\\src\\Illuminate\\Foundation\\Http\\Middleware\\ConvertEmptyStringsToNull.php(31): Illuminate\\Foundation\\Http\\Middleware\\TransformsRequest->handle(Object(Illuminate\\Http\\Request), Object(Closure))
#45 D:\\ITTS\\SEMESTER 6\\Pemrograman Framework\\Praktikum8\\vendor\\laravel\\framework\\src\\Illuminate\\Pipeline\\Pipeline.php(180): Illuminate\\Foundation\\Http\\Middleware\\ConvertEmptyStringsToNull->handle(Object(Illuminate\\Http\\Request), Object(Closure))
#46 D:\\ITTS\\SEMESTER 6\\Pemrograman Framework\\Praktikum8\\vendor\\laravel\\framework\\src\\Illuminate\\Foundation\\Http\\Middleware\\TransformsRequest.php(21): Illuminate\\Pipeline\\Pipeline->Illuminate\\Pipeline\\{closure}(Object(Illuminate\\Http\\Request))
#47 D:\\ITTS\\SEMESTER 6\\Pemrograman Framework\\Praktikum8\\vendor\\laravel\\framework\\src\\Illuminate\\Foundation\\Http\\Middleware\\TrimStrings.php(40): Illuminate\\Foundation\\Http\\Middleware\\TransformsRequest->handle(Object(Illuminate\\Http\\Request), Object(Closure))
#48 D:\\ITTS\\SEMESTER 6\\Pemrograman Framework\\Praktikum8\\vendor\\laravel\\framework\\src\\Illuminate\\Pipeline\\Pipeline.php(180): Illuminate\\Foundation\\Http\\Middleware\\TrimStrings->handle(Object(Illuminate\\Http\\Request), Object(Closure))
#49 D:\\ITTS\\SEMESTER 6\\Pemrograman Framework\\Praktikum8\\vendor\\laravel\\framework\\src\\Illuminate\\Foundation\\Http\\Middleware\\ValidatePostSize.php(27): Illuminate\\Pipeline\\Pipeline->Illuminate\\Pipeline\\{closure}(Object(Illuminate\\Http\\Request))
#50 D:\\ITTS\\SEMESTER 6\\Pemrograman Framework\\Praktikum8\\vendor\\laravel\\framework\\src\\Illuminate\\Pipeline\\Pipeline.php(180): Illuminate\\Foundation\\Http\\Middleware\\ValidatePostSize->handle(Object(Illuminate\\Http\\Request), Object(Closure))
#51 D:\\ITTS\\SEMESTER 6\\Pemrograman Framework\\Praktikum8\\vendor\\laravel\\framework\\src\\Illuminate\\Foundation\\Http\\Middleware\\PreventRequestsDuringMaintenance.php(86): Illuminate\\Pipeline\\Pipeline->Illuminate\\Pipeline\\{closure}(Object(Illuminate\\Http\\Request))
#52 D:\\ITTS\\SEMESTER 6\\Pemrograman Framework\\Praktikum8\\vendor\\laravel\\framework\\src\\Illuminate\\Pipeline\\Pipeline.php(180): Illuminate\\Foundation\\Http\\Middleware\\PreventRequestsDuringMaintenance->handle(Object(Illuminate\\Http\\Request), Object(Closure))
#53 D:\\ITTS\\SEMESTER 6\\Pemrograman Framework\\Praktikum8\\vendor\\laravel\\framework\\src\\Illuminate\\Http\\Middleware\\HandleCors.php(49): Illuminate\\Pipeline\\Pipeline->Illuminate\\Pipeline\\{closure}(Object(Illuminate\\Http\\Request))
#54 D:\\ITTS\\SEMESTER 6\\Pemrograman Framework\\Praktikum8\\vendor\\laravel\\framework\\src\\Illuminate\\Pipeline\\Pipeline.php(180): Illuminate\\Http\\Middleware\\HandleCors->handle(Object(Illuminate\\Http\\Request), Object(Closure))
#55 D:\\ITTS\\SEMESTER 6\\Pemrograman Framework\\Praktikum8\\vendor\\laravel\\framework\\src\\Illuminate\\Http\\Middleware\\TrustProxies.php(39): Illuminate\\Pipeline\\Pipeline->Illuminate\\Pipeline\\{closure}(Object(Illuminate\\Http\\Request))
#56 D:\\ITTS\\SEMESTER 6\\Pemrograman Framework\\Praktikum8\\vendor\\laravel\\framework\\src\\Illuminate\\Pipeline\\Pipeline.php(180): Illuminate\\Http\\Middleware\\TrustProxies->handle(Object(Illuminate\\Http\\Request), Object(Closure))
#57 D:\\ITTS\\SEMESTER 6\\Pemrograman Framework\\Praktikum8\\vendor\\laravel\\framework\\src\\Illuminate\\Pipeline\\Pipeline.php(116): Illuminate\\Pipeline\\Pipeline->Illuminate\\Pipeline\\{closure}(Object(Illuminate\\Http\\Request))
#58 D:\\ITTS\\SEMESTER 6\\Pemrograman Framework\\Praktikum8\\vendor\\laravel\\framework\\src\\Illuminate\\Foundation\\Http\\Kernel.php(175): Illuminate\\Pipeline\\Pipeline->then(Object(Closure))
#59 D:\\ITTS\\SEMESTER 6\\Pemrograman Framework\\Praktikum8\\vendor\\laravel\\framework\\src\\Illuminate\\Foundation\\Http\\Kernel.php(144): Illuminate\\Foundation\\Http\\Kernel->sendRequestThroughRouter(Object(Illuminate\\Http\\Request))
#60 D:\\ITTS\\SEMESTER 6\\Pemrograman Framework\\Praktikum8\\public\\index.php(51): Illuminate\\Foundation\\Http\\Kernel->handle(Object(Illuminate\\Http\\Request))
#61 D:\\ITTS\\SEMESTER 6\\Pemrograman Framework\\Praktikum8\\vendor\\laravel\\framework\\src\\Illuminate\\Foundation\\resources\\server.php(16): require_once('D:\\\\ITTS\\\\SEMESTE...')
#62 {main}

[previous exception] [object] (PDOException(code: 42S02): SQLSTATE[42S02]: Base table or view not found: 1146 Table 'laravel_auth.users' doesn't exist at D:\\ITTS\\SEMESTER 6\\Pemrograman Framework\\Praktikum8\\vendor\\laravel\\framework\\src\\Illuminate\\Database\\Connection.php:416)
[stacktrace]
#0 D:\\ITTS\\SEMESTER 6\\Pemrograman Framework\\Praktikum8\\vendor\\laravel\\framework\\src\\Illuminate\\Database\\Connection.php(416): PDO->prepare('select count(*)...')
#1 D:\\ITTS\\SEMESTER 6\\Pemrograman Framework\\Praktikum8\\vendor\\laravel\\framework\\src\\Illuminate\\Database\\Connection.php(788): Illuminate\\Database\\Connection->Illuminate\\Database\\{closure}('select count(*)...', Array)
#2 D:\\ITTS\\SEMESTER 6\\Pemrograman Framework\\Praktikum8\\vendor\\laravel\\framework\\src\\Illuminate\\Database\\Connection.php(755): Illuminate\\Database\\Connection->runQueryCallback('select count(*)...', Array, Object(Closure))
#3 D:\\ITTS\\SEMESTER 6\\Pemrograman Framework\\Praktikum8\\vendor\\laravel\\framework\\src\\Illuminate\\Database\\Connection.php(407): Illuminate\\Database\\Connection->run('select count(*)...', Array, Object(Closure))
#4 D:\\ITTS\\SEMESTER 6\\Pemrograman Framework\\Praktikum8\\vendor\\laravel\\framework\\src\\Illuminate\\Database\\Query\\Builder.php(2735): Illuminate\\Database\\Connection->select('select count(*)...', Array, false)
#5 D:\\ITTS\\SEMESTER 6\\Pemrograman Framework\\Praktikum8\\vendor\\laravel\\framework\\src\\Illuminate\\Database\\Query\\Builder.php(2724): Illuminate\\Database\\Query\\Builder->runSelect()
#6 D:\\ITTS\\SEMESTER 6\\Pemrograman Framework\\Praktikum8\\vendor\\laravel\\framework\\src\\Illuminate\\Database\\Query\\Builder.php(3278): Illuminate\\Database\\Query\\Builder->Illuminate\\Database\\Query\\{closure}()
#7 D:\\ITTS\\SEMESTER 6\\Pemrograman Framework\\Praktikum8\\vendor\\laravel\\framework\\src\\Illuminate\\Database\\Query\\Builder.php(2723): Illuminate\\Database\\Query\\Builder->onceWithColumns(Array, Object(Closure))
#8 D:\\ITTS\\SEMESTER 6\\Pemrograman Framework\\Praktikum8\\vendor\\laravel\\framework\\src\\Illuminate\\Database\\Query\\Builder.php(3205): Illuminate\\Database\\Query\\Builder->get(Array)
#9 D:\\ITTS\\SEMESTER 6\\Pemrograman Framework\\Praktikum8\\vendor\\laravel\\framework\\src\\Illuminate\\Database\\Query\\Builder.php(3133): Illuminate\\Database\\Query\\Builder->aggregate('count', Array)
#10 D:\\ITTS\\SEMESTER 6\\Pemrograman Framework\\Praktikum8\\vendor\\laravel\\framework\\src\\Illuminate\\Validation\\DatabasePresenceVerifier.php(54): Illuminate\\Database\\Query\\Builder->count()
#11 D:\\ITTS\\SEMESTER 6\\Pemrograman Framework\\Praktikum8\\vendor\\laravel\\framework\\src\\Illuminate\\Validation\\Concerns\\ValidatesAttributes.php(939): Illuminate\\Validation\\DatabasePresenceVerifier->getCount('users', 'email', 'ilma@gmail.com', NULL, NULL, Array)
#12 D:\\ITTS\\SEMESTER 6\\Pemrograman Framework\\Praktikum8\\vendor\\laravel\\framework\\src\\Illuminate\\Validation\\Validator.php(624): Illuminate\\Validation\\Validator->validateUnique('email', 'ilma@gmail.com', Array, Object(Illuminate\\Validation\\Validator))
#13 D:\\ITTS\\SEMESTER 6\\Pemrograman Framework\\Praktikum8\\vendor\\laravel\\framework\\src\\Illuminate\\Validation\\Validator.php(430): Illuminate\\Validation\\Validator->validateAttribute('email', 'Unique')
#14 D:\\ITTS\\SEMESTER 6\\Pemrograman Framework\\Praktikum8\\vendor\\laravel\\framework\\src\\Illuminate\\Validation\\Validator.php(461): Illuminate\\Validation\\Validator->passes()
#15 D:\\ITTS\\SEMESTER 6\\Pemrograman Framework\\Praktikum8\\vendor\\laravel\\framework\\src\\Illuminate\\Validation\\Validator.php(503): Illuminate\\Validation\\Validator->fails()
#16 D:\\ITTS\\SEMESTER 6\\Pemrograman Framework\\Praktikum8\\vendor\\laravel\\ui\\auth-backend\\RegistersUsers.php(32): Illuminate\\Validation\\Validator->validate()
#17 D:\\ITTS\\SEMESTER 6\\Pemrograman Framework\\Praktikum8\\vendor\\laravel\\framework\\src\\Illuminate\\Routing\\Controller.php(54): App\\Http\\Controllers\\Auth\\RegisterController->register(Object(Illuminate\\Http\\Request))
#18 D:\\ITTS\\SEMESTER 6\\Pemrograman Framework\\Praktikum8\\vendor\\laravel\\framework\\src\\Illuminate\\Routing\\ControllerDispatcher.php(43): Illuminate\\Routing\\Controller->callAction('register', Array)
#19 D:\\ITTS\\SEMESTER 6\\Pemrograman Framework\\Praktikum8\\vendor\\laravel\\framework\\src\\Illuminate\\Routing\\Route.php(259): Illuminate\\Routing\\ControllerDispatcher->dispatch(Object(Illuminate\\Routing\\Route), Object(App\\Http\\Controllers\\Auth\\RegisterController), 'register')
#20 D:\\ITTS\\SEMESTER 6\\Pemrograman Framework\\Praktikum8\\vendor\\laravel\\framework\\src\\Illuminate\\Routing\\Route.php(205): Illuminate\\Routing\\Route->runController()
#21 D:\\ITTS\\SEMESTER 6\\Pemrograman Framework\\Praktikum8\\vendor\\laravel\\framework\\src\\Illuminate\\Routing\\Router.php(799): Illuminate\\Routing\\Route->run()
#22 D:\\ITTS\\SEMESTER 6\\Pemrograman Framework\\Praktikum8\\vendor\\laravel\\framework\\src\\Illuminate\\Pipeline\\Pipeline.php(141): Illuminate\\Routing\\Router->Illuminate\\Routing\\{closure}(Object(Illuminate\\Http\\Request))
#23 D:\\ITTS\\SEMESTER 6\\Pemrograman Framework\\Praktikum8\\app\\Http\\Middleware\\RedirectIfAuthenticated.php(28): Illuminate\\Pipeline\\Pipeline->Illuminate\\Pipeline\\{closure}(Object(Illuminate\\Http\\Request))
#24 D:\\ITTS\\SEMESTER 6\\Pemrograman Framework\\Praktikum8\\vendor\\laravel\\framework\\src\\Illuminate\\Pipeline\\Pipeline.php(180): App\\Http\\Middleware\\RedirectIfAuthenticated->handle(Object(Illuminate\\Http\\Request), Object(Closure))
#25 D:\\ITTS\\SEMESTER 6\\Pemrograman Framework\\Praktikum8\\vendor\\laravel\\framework\\src\\Illuminate\\Routing\\Middleware\\SubstituteBindings.php(50): Illuminate\\Pipeline\\Pipeline->Illuminate\\Pipeline\\{closure}(Object(Illuminate\\Http\\Request))
#26 D:\\ITTS\\SEMESTER 6\\Pemrograman Framework\\Praktikum8\\vendor\\laravel\\framework\\src\\Illuminate\\Pipeline\\Pipeline.php(180): Illuminate\\Routing\\Middleware\\SubstituteBindings->handle(Object(Illuminate\\Http\\Request), Object(Closure))
#27 D:\\ITTS\\SEMESTER 6\\Pemrograman Framework\\Praktikum8\\vendor\\laravel\\framework\\src\\Illuminate\\Foundation\\Http\\Middleware\\VerifyCsrfToken.php(78): Illuminate\\Pipeline\\Pipeline->Illuminate\\Pipeline\\{closure}(Object(Illuminate\\Http\\Request))
#28 D:\\ITTS\\SEMESTER 6\\Pemrograman Framework\\Praktikum8\\vendor\\laravel\\framework\\src\\Illuminate\\Pipeline\\Pipeline.php(180): Illuminate\\Foundation\\Http\\Middleware\\VerifyCsrfToken->handle(Object(Illuminate\\Http\\Request), Object(Closure))
#29 D:\\ITTS\\SEMESTER 6\\Pemrograman Framework\\Praktikum8\\vendor\\laravel\\framework\\src\\Illuminate\\View\\Middleware\\ShareErrorsFromSession.php(49): Illuminate\\Pipeline\\Pipeline->Illuminate\\Pipeline\\{closure}(Object(Illuminate\\Http\\Request))
#30 D:\\ITTS\\SEMESTER 6\\Pemrograman Framework\\Praktikum8\\vendor\\laravel\\framework\\src\\Illuminate\\Pipeline\\Pipeline.php(180): Illuminate\\View\\Middleware\\ShareErrorsFromSession->handle(Object(Illuminate\\Http\\Request), Object(Closure))
#31 D:\\ITTS\\SEMESTER 6\\Pemrograman Framework\\Praktikum8\\vendor\\laravel\\framework\\src\\Illuminate\\Session\\Middleware\\StartSession.php(121): Illuminate\\Pipeline\\Pipeline->Illuminate\\Pipeline\\{closure}(Object(Illuminate\\Http\\Request))
#32 D:\\ITTS\\SEMESTER 6\\Pemrograman Framework\\Praktikum8\\vendor\\laravel\\framework\\src\\Illuminate\\Session\\Middleware\\StartSession.php(64): Illuminate\\Session\\Middleware\\StartSession->handleStatefulRequest(Object(Illuminate\\Http\\Request), Object(Illuminate\\Session\\Store), Object(Closure))
#33 D:\\ITTS\\SEMESTER 6\\Pemrograman Framework\\Praktikum8\\vendor\\laravel\\framework\\src\\Illuminate\\Pipeline\\Pipeline.php(180): Illuminate\\Session\\Middleware\\StartSession->handle(Object(Illuminate\\Http\\Request), Object(Closure))
#34 D:\\ITTS\\SEMESTER 6\\Pemrograman Framework\\Praktikum8\\vendor\\laravel\\framework\\src\\Illuminate\\Cookie\\Middleware\\AddQueuedCookiesToResponse.php(37): Illuminate\\Pipeline\\Pipeline->Illuminate\\Pipeline\\{closure}(Object(Illuminate\\Http\\Request))
#35 D:\\ITTS\\SEMESTER 6\\Pemrograman Framework\\Praktikum8\\vendor\\laravel\\framework\\src\\Illuminate\\Pipeline\\Pipeline.php(180): Illuminate\\Cookie\\Middleware\\AddQueuedCookiesToResponse->handle(Object(Illuminate\\Http\\Request), Object(Closure))
#36 D:\\ITTS\\SEMESTER 6\\Pemrograman Framework\\Praktikum8\\vendor\\laravel\\framework\\src\\Illuminate\\Cookie\\Middleware\\EncryptCookies.php(67): Illuminate\\Pipeline\\Pipeline->Illuminate\\Pipeline\\{closure}(Object(Illuminate\\Http\\Request))
#37 D:\\ITTS\\SEMESTER 6\\Pemrograman Framework\\Praktikum8\\vendor\\laravel\\framework\\src\\Illuminate\\Pipeline\\Pipeline.php(180): Illuminate\\Cookie\\Middleware\\EncryptCookies->handle(Object(Illuminate\\Http\\Request), Object(Closure))
#38 D:\\ITTS\\SEMESTER 6\\Pemrograman Framework\\Praktikum8\\vendor\\laravel\\framework\\src\\Illuminate\\Pipeline\\Pipeline.php(116): Illuminate\\Pipeline\\Pipeline->Illuminate\\Pipeline\\{closure}(Object(Illuminate\\Http\\Request))
#39 D:\\ITTS\\SEMESTER 6\\Pemrograman Framework\\Praktikum8\\vendor\\laravel\\framework\\src\\Illuminate\\Routing\\Router.php(798): Illuminate\\Pipeline\\Pipeline->then(Object(Closure))
#40 D:\\ITTS\\SEMESTER 6\\Pemrograman Framework\\Praktikum8\\vendor\\laravel\\framework\\src\\Illuminate\\Routing\\Router.php(777): Illuminate\\Routing\\Router->runRouteWithinStack(Object(Illuminate\\Routing\\Route), Object(Illuminate\\Http\\Request))
#41 D:\\ITTS\\SEMESTER 6\\Pemrograman Framework\\Praktikum8\\vendor\\laravel\\framework\\src\\Illuminate\\Routing\\Router.php(741): Illuminate\\Routing\\Router->runRoute(Object(Illuminate\\Http\\Request), Object(Illuminate\\Routing\\Route))
#42 D:\\ITTS\\SEMESTER 6\\Pemrograman Framework\\Praktikum8\\vendor\\laravel\\framework\\src\\Illuminate\\Routing\\Router.php(730): Illuminate\\Routing\\Router->dispatchToRoute(Object(Illuminate\\Http\\Request))
#43 D:\\ITTS\\SEMESTER 6\\Pemrograman Framework\\Praktikum8\\vendor\\laravel\\framework\\src\\Illuminate\\Foundation\\Http\\Kernel.php(200): Illuminate\\Routing\\Router->dispatch(Object(Illuminate\\Http\\Request))
#44 D:\\ITTS\\SEMESTER 6\\Pemrograman Framework\\Praktikum8\\vendor\\laravel\\framework\\src\\Illuminate\\Pipeline\\Pipeline.php(141): Illuminate\\Foundation\\Http\\Kernel->Illuminate\\Foundation\\Http\\{closure}(Object(Illuminate\\Http\\Request))
#45 D:\\ITTS\\SEMESTER 6\\Pemrograman Framework\\Praktikum8\\vendor\\laravel\\framework\\src\\Illuminate\\Foundation\\Http\\Middleware\\TransformsRequest.php(21): Illuminate\\Pipeline\\Pipeline->Illuminate\\Pipeline\\{closure}(Object(Illuminate\\Http\\Request))
#46 D:\\ITTS\\SEMESTER 6\\Pemrograman Framework\\Praktikum8\\vendor\\laravel\\framework\\src\\Illuminate\\Foundation\\Http\\Middleware\\ConvertEmptyStringsToNull.php(31): Illuminate\\Foundation\\Http\\Middleware\\TransformsRequest->handle(Object(Illuminate\\Http\\Request), Object(Closure))
#47 D:\\ITTS\\SEMESTER 6\\Pemrograman Framework\\Praktikum8\\vendor\\laravel\\framework\\src\\Illuminate\\Pipeline\\Pipeline.php(180): Illuminate\\Foundation\\Http\\Middleware\\ConvertEmptyStringsToNull->handle(Object(Illuminate\\Http\\Request), Object(Closure))
#48 D:\\ITTS\\SEMESTER 6\\Pemrograman Framework\\Praktikum8\\vendor\\laravel\\framework\\src\\Illuminate\\Foundation\\Http\\Middleware\\TransformsRequest.php(21): Illuminate\\Pipeline\\Pipeline->Illuminate\\Pipeline\\{closure}(Object(Illuminate\\Http\\Request))
#49 D:\\ITTS\\SEMESTER 6\\Pemrograman Framework\\Praktikum8\\vendor\\laravel\\framework\\src\\Illuminate\\Foundation\\Http\\Middleware\\TrimStrings.php(40): Illuminate\\Foundation\\Http\\Middleware\\TransformsRequest->handle(Object(Illuminate\\Http\\Request), Object(Closure))
#50 D:\\ITTS\\SEMESTER 6\\Pemrograman Framework\\Praktikum8\\vendor\\laravel\\framework\\src\\Illuminate\\Pipeline\\Pipeline.php(180): Illuminate\\Foundation\\Http\\Middleware\\TrimStrings->handle(Object(Illuminate\\Http\\Request), Object(Closure))
#51 D:\\ITTS\\SEMESTER 6\\Pemrograman Framework\\Praktikum8\\vendor\\laravel\\framework\\src\\Illuminate\\Foundation\\Http\\Middleware\\ValidatePostSize.php(27): Illuminate\\Pipeline\\Pipeline->Illuminate\\Pipeline\\{closure}(Object(Illuminate\\Http\\Request))
#52 D:\\ITTS\\SEMESTER 6\\Pemrograman Framework\\Praktikum8\\vendor\\laravel\\framework\\src\\Illuminate\\Pipeline\\Pipeline.php(180): Illuminate\\Foundation\\Http\\Middleware\\ValidatePostSize->handle(Object(Illuminate\\Http\\Request), Object(Closure))
#53 D:\\ITTS\\SEMESTER 6\\Pemrograman Framework\\Praktikum8\\vendor\\laravel\\framework\\src\\Illuminate\\Foundation\\Http\\Middleware\\PreventRequestsDuringMaintenance.php(86): Illuminate\\Pipeline\\Pipeline->Illuminate\\Pipeline\\{closure}(Object(Illuminate\\Http\\Request))
#54 D:\\ITTS\\SEMESTER 6\\Pemrograman Framework\\Praktikum8\\vendor\\laravel\\framework\\src\\Illuminate\\Pipeline\\Pipeline.php(180): Illuminate\\Foundation\\Http\\Middleware\\PreventRequestsDuringMaintenance->handle(Object(Illuminate\\Http\\Request), Object(Closure))
#55 D:\\ITTS\\SEMESTER 6\\Pemrograman Framework\\Praktikum8\\vendor\\laravel\\framework\\src\\Illuminate\\Http\\Middleware\\HandleCors.php(49): Illuminate\\Pipeline\\Pipeline->Illuminate\\Pipeline\\{closure}(Object(Illuminate\\Http\\Request))
#56 D:\\ITTS\\SEMESTER 6\\Pemrograman Framework\\Praktikum8\\vendor\\laravel\\framework\\src\\Illuminate\\Pipeline\\Pipeline.php(180): Illuminate\\Http\\Middleware\\HandleCors->handle(Object(Illuminate\\Http\\Request), Object(Closure))
#57 D:\\ITTS\\SEMESTER 6\\Pemrograman Framework\\Praktikum8\\vendor\\laravel\\framework\\src\\Illuminate\\Http\\Middleware\\TrustProxies.php(39): Illuminate\\Pipeline\\Pipeline->Illuminate\\Pipeline\\{closure}(Object(Illuminate\\Http\\Request))
#58 D:\\ITTS\\SEMESTER 6\\Pemrograman Framework\\Praktikum8\\vendor\\laravel\\framework\\src\\Illuminate\\Pipeline\\Pipeline.php(180): Illuminate\\Http\\Middleware\\TrustProxies->handle(Object(Illuminate\\Http\\Request), Object(Closure))
#59 D:\\ITTS\\SEMESTER 6\\Pemrograman Framework\\Praktikum8\\vendor\\laravel\\framework\\src\\Illuminate\\Pipeline\\Pipeline.php(116): Illuminate\\Pipeline\\Pipeline->Illuminate\\Pipeline\\{closure}(Object(Illuminate\\Http\\Request))
#60 D:\\ITTS\\SEMESTER 6\\Pemrograman Framework\\Praktikum8\\vendor\\laravel\\framework\\src\\Illuminate\\Foundation\\Http\\Kernel.php(175): Illuminate\\Pipeline\\Pipeline->then(Object(Closure))
#61 D:\\ITTS\\SEMESTER 6\\Pemrograman Framework\\Praktikum8\\vendor\\laravel\\framework\\src\\Illuminate\\Foundation\\Http\\Kernel.php(144): Illuminate\\Foundation\\Http\\Kernel->sendRequestThroughRouter(Object(Illuminate\\Http\\Request))
#62 D:\\ITTS\\SEMESTER 6\\Pemrograman Framework\\Praktikum8\\public\\index.php(51): Illuminate\\Foundation\\Http\\Kernel->handle(Object(Illuminate\\Http\\Request))
#63 D:\\ITTS\\SEMESTER 6\\Pemrograman Framework\\Praktikum8\\vendor\\laravel\\framework\\src\\Illuminate\\Foundation\\resources\\server.php(16): require_once('D:\\\\ITTS\\\\SEMESTE...')
#64 {main}
"} 
[2023-07-06 14:34:16] local.ERROR: Target class [LoginController] does not exist. {"exception":"[object] (Illuminate\\Contracts\\Container\\BindingResolutionException(code: 0): Target class [LoginController] does not exist. at D:\\ITTS\\SEMESTER 6\\Pemrograman Framework\\Praktikum8\\vendor\\laravel\\framework\\src\\Illuminate\\Container\\Container.php:914)
[stacktrace]
#0 D:\\ITTS\\SEMESTER 6\\Pemrograman Framework\\Praktikum8\\vendor\\laravel\\framework\\src\\Illuminate\\Container\\Container.php(795): Illuminate\\Container\\Container->build('LoginController')
#1 D:\\ITTS\\SEMESTER 6\\Pemrograman Framework\\Praktikum8\\vendor\\laravel\\framework\\src\\Illuminate\\Foundation\\Application.php(933): Illuminate\\Container\\Container->resolve('LoginController', Array, true)
#2 D:\\ITTS\\SEMESTER 6\\Pemrograman Framework\\Praktikum8\\vendor\\laravel\\framework\\src\\Illuminate\\Container\\Container.php(731): Illuminate\\Foundation\\Application->resolve('LoginController', Array)
#3 D:\\ITTS\\SEMESTER 6\\Pemrograman Framework\\Praktikum8\\vendor\\laravel\\framework\\src\\Illuminate\\Foundation\\Application.php(918): Illuminate\\Container\\Container->make('LoginController', Array)
#4 D:\\ITTS\\SEMESTER 6\\Pemrograman Framework\\Praktikum8\\vendor\\laravel\\framework\\src\\Illuminate\\Routing\\Route.php(274): Illuminate\\Foundation\\Application->make('LoginController')
#5 D:\\ITTS\\SEMESTER 6\\Pemrograman Framework\\Praktikum8\\vendor\\laravel\\framework\\src\\Illuminate\\Routing\\Route.php(260): Illuminate\\Routing\\Route->getController()
#6 D:\\ITTS\\SEMESTER 6\\Pemrograman Framework\\Praktikum8\\vendor\\laravel\\framework\\src\\Illuminate\\Routing\\Route.php(205): Illuminate\\Routing\\Route->runController()
#7 D:\\ITTS\\SEMESTER 6\\Pemrograman Framework\\Praktikum8\\vendor\\laravel\\framework\\src\\Illuminate\\Routing\\Router.php(799): Illuminate\\Routing\\Route->run()
#8 D:\\ITTS\\SEMESTER 6\\Pemrograman Framework\\Praktikum8\\vendor\\laravel\\framework\\src\\Illuminate\\Pipeline\\Pipeline.php(141): Illuminate\\Routing\\Router->Illuminate\\Routing\\{closure}(Object(Illuminate\\Http\\Request))
#9 D:\\ITTS\\SEMESTER 6\\Pemrograman Framework\\Praktikum8\\vendor\\laravel\\framework\\src\\Illuminate\\Routing\\Middleware\\SubstituteBindings.php(50): Illuminate\\Pipeline\\Pipeline->Illuminate\\Pipeline\\{closure}(Object(Illuminate\\Http\\Request))
#10 D:\\ITTS\\SEMESTER 6\\Pemrograman Framework\\Praktikum8\\vendor\\laravel\\framework\\src\\Illuminate\\Pipeline\\Pipeline.php(180): Illuminate\\Routing\\Middleware\\SubstituteBindings->handle(Object(Illuminate\\Http\\Request), Object(Closure))
#11 D:\\ITTS\\SEMESTER 6\\Pemrograman Framework\\Praktikum8\\vendor\\laravel\\framework\\src\\Illuminate\\Foundation\\Http\\Middleware\\VerifyCsrfToken.php(78): Illuminate\\Pipeline\\Pipeline->Illuminate\\Pipeline\\{closure}(Object(Illuminate\\Http\\Request))
#12 D:\\ITTS\\SEMESTER 6\\Pemrograman Framework\\Praktikum8\\vendor\\laravel\\framework\\src\\Illuminate\\Pipeline\\Pipeline.php(180): Illuminate\\Foundation\\Http\\Middleware\\VerifyCsrfToken->handle(Object(Illuminate\\Http\\Request), Object(Closure))
#13 D:\\ITTS\\SEMESTER 6\\Pemrograman Framework\\Praktikum8\\vendor\\laravel\\framework\\src\\Illuminate\\View\\Middleware\\ShareErrorsFromSession.php(49): Illuminate\\Pipeline\\Pipeline->Illuminate\\Pipeline\\{closure}(Object(Illuminate\\Http\\Request))
#14 D:\\ITTS\\SEMESTER 6\\Pemrograman Framework\\Praktikum8\\vendor\\laravel\\framework\\src\\Illuminate\\Pipeline\\Pipeline.php(180): Illuminate\\View\\Middleware\\ShareErrorsFromSession->handle(Object(Illuminate\\Http\\Request), Object(Closure))
#15 D:\\ITTS\\SEMESTER 6\\Pemrograman Framework\\Praktikum8\\vendor\\laravel\\framework\\src\\Illuminate\\Session\\Middleware\\StartSession.php(121): Illuminate\\Pipeline\\Pipeline->Illuminate\\Pipeline\\{closure}(Object(Illuminate\\Http\\Request))
#16 D:\\ITTS\\SEMESTER 6\\Pemrograman Framework\\Praktikum8\\vendor\\laravel\\framework\\src\\Illuminate\\Session\\Middleware\\StartSession.php(64): Illuminate\\Session\\Middleware\\StartSession->handleStatefulRequest(Object(Illuminate\\Http\\Request), Object(Illuminate\\Session\\Store), Object(Closure))
#17 D:\\ITTS\\SEMESTER 6\\Pemrograman Framework\\Praktikum8\\vendor\\laravel\\framework\\src\\Illuminate\\Pipeline\\Pipeline.php(180): Illuminate\\Session\\Middleware\\StartSession->handle(Object(Illuminate\\Http\\Request), Object(Closure))
#18 D:\\ITTS\\SEMESTER 6\\Pemrograman Framework\\Praktikum8\\vendor\\laravel\\framework\\src\\Illuminate\\Cookie\\Middleware\\AddQueuedCookiesToResponse.php(37): Illuminate\\Pipeline\\Pipeline->Illuminate\\Pipeline\\{closure}(Object(Illuminate\\Http\\Request))
#19 D:\\ITTS\\SEMESTER 6\\Pemrograman Framework\\Praktikum8\\vendor\\laravel\\framework\\src\\Illuminate\\Pipeline\\Pipeline.php(180): Illuminate\\Cookie\\Middleware\\AddQueuedCookiesToResponse->handle(Object(Illuminate\\Http\\Request), Object(Closure))
#20 D:\\ITTS\\SEMESTER 6\\Pemrograman Framework\\Praktikum8\\vendor\\laravel\\framework\\src\\Illuminate\\Cookie\\Middleware\\EncryptCookies.php(67): Illuminate\\Pipeline\\Pipeline->Illuminate\\Pipeline\\{closure}(Object(Illuminate\\Http\\Request))
#21 D:\\ITTS\\SEMESTER 6\\Pemrograman Framework\\Praktikum8\\vendor\\laravel\\framework\\src\\Illuminate\\Pipeline\\Pipeline.php(180): Illuminate\\Cookie\\Middleware\\EncryptCookies->handle(Object(Illuminate\\Http\\Request), Object(Closure))
#22 D:\\ITTS\\SEMESTER 6\\Pemrograman Framework\\Praktikum8\\vendor\\laravel\\framework\\src\\Illuminate\\Pipeline\\Pipeline.php(116): Illuminate\\Pipeline\\Pipeline->Illuminate\\Pipeline\\{closure}(Object(Illuminate\\Http\\Request))
#23 D:\\ITTS\\SEMESTER 6\\Pemrograman Framework\\Praktikum8\\vendor\\laravel\\framework\\src\\Illuminate\\Routing\\Router.php(798): Illuminate\\Pipeline\\Pipeline->then(Object(Closure))
#24 D:\\ITTS\\SEMESTER 6\\Pemrograman Framework\\Praktikum8\\vendor\\laravel\\framework\\src\\Illuminate\\Routing\\Router.php(777): Illuminate\\Routing\\Router->runRouteWithinStack(Object(Illuminate\\Routing\\Route), Object(Illuminate\\Http\\Request))
#25 D:\\ITTS\\SEMESTER 6\\Pemrograman Framework\\Praktikum8\\vendor\\laravel\\framework\\src\\Illuminate\\Routing\\Router.php(741): Illuminate\\Routing\\Router->runRoute(Object(Illuminate\\Http\\Request), Object(Illuminate\\Routing\\Route))
#26 D:\\ITTS\\SEMESTER 6\\Pemrograman Framework\\Praktikum8\\vendor\\laravel\\framework\\src\\Illuminate\\Routing\\Router.php(730): Illuminate\\Routing\\Router->dispatchToRoute(Object(Illuminate\\Http\\Request))
#27 D:\\ITTS\\SEMESTER 6\\Pemrograman Framework\\Praktikum8\\vendor\\laravel\\framework\\src\\Illuminate\\Foundation\\Http\\Kernel.php(200): Illuminate\\Routing\\Router->dispatch(Object(Illuminate\\Http\\Request))
#28 D:\\ITTS\\SEMESTER 6\\Pemrograman Framework\\Praktikum8\\vendor\\laravel\\framework\\src\\Illuminate\\Pipeline\\Pipeline.php(141): Illuminate\\Foundation\\Http\\Kernel->Illuminate\\Foundation\\Http\\{closure}(Object(Illuminate\\Http\\Request))
#29 D:\\ITTS\\SEMESTER 6\\Pemrograman Framework\\Praktikum8\\vendor\\laravel\\framework\\src\\Illuminate\\Foundation\\Http\\Middleware\\TransformsRequest.php(21): Illuminate\\Pipeline\\Pipeline->Illuminate\\Pipeline\\{closure}(Object(Illuminate\\Http\\Request))
#30 D:\\ITTS\\SEMESTER 6\\Pemrograman Framework\\Praktikum8\\vendor\\laravel\\framework\\src\\Illuminate\\Foundation\\Http\\Middleware\\ConvertEmptyStringsToNull.php(31): Illuminate\\Foundation\\Http\\Middleware\\TransformsRequest->handle(Object(Illuminate\\Http\\Request), Object(Closure))
#31 D:\\ITTS\\SEMESTER 6\\Pemrograman Framework\\Praktikum8\\vendor\\laravel\\framework\\src\\Illuminate\\Pipeline\\Pipeline.php(180): Illuminate\\Foundation\\Http\\Middleware\\ConvertEmptyStringsToNull->handle(Object(Illuminate\\Http\\Request), Object(Closure))
#32 D:\\ITTS\\SEMESTER 6\\Pemrograman Framework\\Praktikum8\\vendor\\laravel\\framework\\src\\Illuminate\\Foundation\\Http\\Middleware\\TransformsRequest.php(21): Illuminate\\Pipeline\\Pipeline->Illuminate\\Pipeline\\{closure}(Object(Illuminate\\Http\\Request))
#33 D:\\ITTS\\SEMESTER 6\\Pemrograman Framework\\Praktikum8\\vendor\\laravel\\framework\\src\\Illuminate\\Foundation\\Http\\Middleware\\TrimStrings.php(40): Illuminate\\Foundation\\Http\\Middleware\\TransformsRequest->handle(Object(Illuminate\\Http\\Request), Object(Closure))
#34 D:\\ITTS\\SEMESTER 6\\Pemrograman Framework\\Praktikum8\\vendor\\laravel\\framework\\src\\Illuminate\\Pipeline\\Pipeline.php(180): Illuminate\\Foundation\\Http\\Middleware\\TrimStrings->handle(Object(Illuminate\\Http\\Request), Object(Closure))
#35 D:\\ITTS\\SEMESTER 6\\Pemrograman Framework\\Praktikum8\\vendor\\laravel\\framework\\src\\Illuminate\\Foundation\\Http\\Middleware\\ValidatePostSize.php(27): Illuminate\\Pipeline\\Pipeline->Illuminate\\Pipeline\\{closure}(Object(Illuminate\\Http\\Request))
#36 D:\\ITTS\\SEMESTER 6\\Pemrograman Framework\\Praktikum8\\vendor\\laravel\\framework\\src\\Illuminate\\Pipeline\\Pipeline.php(180): Illuminate\\Foundation\\Http\\Middleware\\ValidatePostSize->handle(Object(Illuminate\\Http\\Request), Object(Closure))
#37 D:\\ITTS\\SEMESTER 6\\Pemrograman Framework\\Praktikum8\\vendor\\laravel\\framework\\src\\Illuminate\\Foundation\\Http\\Middleware\\PreventRequestsDuringMaintenance.php(86): Illuminate\\Pipeline\\Pipeline->Illuminate\\Pipeline\\{closure}(Object(Illuminate\\Http\\Request))
#38 D:\\ITTS\\SEMESTER 6\\Pemrograman Framework\\Praktikum8\\vendor\\laravel\\framework\\src\\Illuminate\\Pipeline\\Pipeline.php(180): Illuminate\\Foundation\\Http\\Middleware\\PreventRequestsDuringMaintenance->handle(Object(Illuminate\\Http\\Request), Object(Closure))
#39 D:\\ITTS\\SEMESTER 6\\Pemrograman Framework\\Praktikum8\\vendor\\laravel\\framework\\src\\Illuminate\\Http\\Middleware\\HandleCors.php(49): Illuminate\\Pipeline\\Pipeline->Illuminate\\Pipeline\\{closure}(Object(Illuminate\\Http\\Request))
#40 D:\\ITTS\\SEMESTER 6\\Pemrograman Framework\\Praktikum8\\vendor\\laravel\\framework\\src\\Illuminate\\Pipeline\\Pipeline.php(180): Illuminate\\Http\\Middleware\\HandleCors->handle(Object(Illuminate\\Http\\Request), Object(Closure))
#41 D:\\ITTS\\SEMESTER 6\\Pemrograman Framework\\Praktikum8\\vendor\\laravel\\framework\\src\\Illuminate\\Http\\Middleware\\TrustProxies.php(39): Illuminate\\Pipeline\\Pipeline->Illuminate\\Pipeline\\{closure}(Object(Illuminate\\Http\\Request))
#42 D:\\ITTS\\SEMESTER 6\\Pemrograman Framework\\Praktikum8\\vendor\\laravel\\framework\\src\\Illuminate\\Pipeline\\Pipeline.php(180): Illuminate\\Http\\Middleware\\TrustProxies->handle(Object(Illuminate\\Http\\Request), Object(Closure))
#43 D:\\ITTS\\SEMESTER 6\\Pemrograman Framework\\Praktikum8\\vendor\\laravel\\framework\\src\\Illuminate\\Pipeline\\Pipeline.php(116): Illuminate\\Pipeline\\Pipeline->Illuminate\\Pipeline\\{closure}(Object(Illuminate\\Http\\Request))
#44 D:\\ITTS\\SEMESTER 6\\Pemrograman Framework\\Praktikum8\\vendor\\laravel\\framework\\src\\Illuminate\\Foundation\\Http\\Kernel.php(175): Illuminate\\Pipeline\\Pipeline->then(Object(Closure))
#45 D:\\ITTS\\SEMESTER 6\\Pemrograman Framework\\Praktikum8\\vendor\\laravel\\framework\\src\\Illuminate\\Foundation\\Http\\Kernel.php(144): Illuminate\\Foundation\\Http\\Kernel->sendRequestThroughRouter(Object(Illuminate\\Http\\Request))
#46 D:\\ITTS\\SEMESTER 6\\Pemrograman Framework\\Praktikum8\\public\\index.php(51): Illuminate\\Foundation\\Http\\Kernel->handle(Object(Illuminate\\Http\\Request))
#47 D:\\ITTS\\SEMESTER 6\\Pemrograman Framework\\Praktikum8\\vendor\\laravel\\framework\\src\\Illuminate\\Foundation\\resources\\server.php(16): require_once('D:\\\\ITTS\\\\SEMESTE...')
#48 {main}

[previous exception] [object] (ReflectionException(code: -1): Class \"LoginController\" does not exist at D:\\ITTS\\SEMESTER 6\\Pemrograman Framework\\Praktikum8\\vendor\\laravel\\framework\\src\\Illuminate\\Container\\Container.php:912)
[stacktrace]
#0 D:\\ITTS\\SEMESTER 6\\Pemrograman Framework\\Praktikum8\\vendor\\laravel\\framework\\src\\Illuminate\\Container\\Container.php(912): ReflectionClass->__construct('LoginController')
#1 D:\\ITTS\\SEMESTER 6\\Pemrograman Framework\\Praktikum8\\vendor\\laravel\\framework\\src\\Illuminate\\Container\\Container.php(795): Illuminate\\Container\\Container->build('LoginController')
#2 D:\\ITTS\\SEMESTER 6\\Pemrograman Framework\\Praktikum8\\vendor\\laravel\\framework\\src\\Illuminate\\Foundation\\Application.php(933): Illuminate\\Container\\Container->resolve('LoginController', Array, true)
#3 D:\\ITTS\\SEMESTER 6\\Pemrograman Framework\\Praktikum8\\vendor\\laravel\\framework\\src\\Illuminate\\Container\\Container.php(731): Illuminate\\Foundation\\Application->resolve('LoginController', Array)
#4 D:\\ITTS\\SEMESTER 6\\Pemrograman Framework\\Praktikum8\\vendor\\laravel\\framework\\src\\Illuminate\\Foundation\\Application.php(918): Illuminate\\Container\\Container->make('LoginController', Array)
#5 D:\\ITTS\\SEMESTER 6\\Pemrograman Framework\\Praktikum8\\vendor\\laravel\\framework\\src\\Illuminate\\Routing\\Route.php(274): Illuminate\\Foundation\\Application->make('LoginController')
#6 D:\\ITTS\\SEMESTER 6\\Pemrograman Framework\\Praktikum8\\vendor\\laravel\\framework\\src\\Illuminate\\Routing\\Route.php(260): Illuminate\\Routing\\Route->getController()
#7 D:\\ITTS\\SEMESTER 6\\Pemrograman Framework\\Praktikum8\\vendor\\laravel\\framework\\src\\Illuminate\\Routing\\Route.php(205): Illuminate\\Routing\\Route->runController()
#8 D:\\ITTS\\SEMESTER 6\\Pemrograman Framework\\Praktikum8\\vendor\\laravel\\framework\\src\\Illuminate\\Routing\\Router.php(799): Illuminate\\Routing\\Route->run()
#9 D:\\ITTS\\SEMESTER 6\\Pemrograman Framework\\Praktikum8\\vendor\\laravel\\framework\\src\\Illuminate\\Pipeline\\Pipeline.php(141): Illuminate\\Routing\\Router->Illuminate\\Routing\\{closure}(Object(Illuminate\\Http\\Request))
#10 D:\\ITTS\\SEMESTER 6\\Pemrograman Framework\\Praktikum8\\vendor\\laravel\\framework\\src\\Illuminate\\Routing\\Middleware\\SubstituteBindings.php(50): Illuminate\\Pipeline\\Pipeline->Illuminate\\Pipeline\\{closure}(Object(Illuminate\\Http\\Request))
#11 D:\\ITTS\\SEMESTER 6\\Pemrograman Framework\\Praktikum8\\vendor\\laravel\\framework\\src\\Illuminate\\Pipeline\\Pipeline.php(180): Illuminate\\Routing\\Middleware\\SubstituteBindings->handle(Object(Illuminate\\Http\\Request), Object(Closure))
#12 D:\\ITTS\\SEMESTER 6\\Pemrograman Framework\\Praktikum8\\vendor\\laravel\\framework\\src\\Illuminate\\Foundation\\Http\\Middleware\\VerifyCsrfToken.php(78): Illuminate\\Pipeline\\Pipeline->Illuminate\\Pipeline\\{closure}(Object(Illuminate\\Http\\Request))
#13 D:\\ITTS\\SEMESTER 6\\Pemrograman Framework\\Praktikum8\\vendor\\laravel\\framework\\src\\Illuminate\\Pipeline\\Pipeline.php(180): Illuminate\\Foundation\\Http\\Middleware\\VerifyCsrfToken->handle(Object(Illuminate\\Http\\Request), Object(Closure))
#14 D:\\ITTS\\SEMESTER 6\\Pemrograman Framework\\Praktikum8\\vendor\\laravel\\framework\\src\\Illuminate\\View\\Middleware\\ShareErrorsFromSession.php(49): Illuminate\\Pipeline\\Pipeline->Illuminate\\Pipeline\\{closure}(Object(Illuminate\\Http\\Request))
#15 D:\\ITTS\\SEMESTER 6\\Pemrograman Framework\\Praktikum8\\vendor\\laravel\\framework\\src\\Illuminate\\Pipeline\\Pipeline.php(180): Illuminate\\View\\Middleware\\ShareErrorsFromSession->handle(Object(Illuminate\\Http\\Request), Object(Closure))
#16 D:\\ITTS\\SEMESTER 6\\Pemrograman Framework\\Praktikum8\\vendor\\laravel\\framework\\src\\Illuminate\\Session\\Middleware\\StartSession.php(121): Illuminate\\Pipeline\\Pipeline->Illuminate\\Pipeline\\{closure}(Object(Illuminate\\Http\\Request))
#17 D:\\ITTS\\SEMESTER 6\\Pemrograman Framework\\Praktikum8\\vendor\\laravel\\framework\\src\\Illuminate\\Session\\Middleware\\StartSession.php(64): Illuminate\\Session\\Middleware\\StartSession->handleStatefulRequest(Object(Illuminate\\Http\\Request), Object(Illuminate\\Session\\Store), Object(Closure))
#18 D:\\ITTS\\SEMESTER 6\\Pemrograman Framework\\Praktikum8\\vendor\\laravel\\framework\\src\\Illuminate\\Pipeline\\Pipeline.php(180): Illuminate\\Session\\Middleware\\StartSession->handle(Object(Illuminate\\Http\\Request), Object(Closure))
#19 D:\\ITTS\\SEMESTER 6\\Pemrograman Framework\\Praktikum8\\vendor\\laravel\\framework\\src\\Illuminate\\Cookie\\Middleware\\AddQueuedCookiesToResponse.php(37): Illuminate\\Pipeline\\Pipeline->Illuminate\\Pipeline\\{closure}(Object(Illuminate\\Http\\Request))
#20 D:\\ITTS\\SEMESTER 6\\Pemrograman Framework\\Praktikum8\\vendor\\laravel\\framework\\src\\Illuminate\\Pipeline\\Pipeline.php(180): Illuminate\\Cookie\\Middleware\\AddQueuedCookiesToResponse->handle(Object(Illuminate\\Http\\Request), Object(Closure))
#21 D:\\ITTS\\SEMESTER 6\\Pemrograman Framework\\Praktikum8\\vendor\\laravel\\framework\\src\\Illuminate\\Cookie\\Middleware\\EncryptCookies.php(67): Illuminate\\Pipeline\\Pipeline->Illuminate\\Pipeline\\{closure}(Object(Illuminate\\Http\\Request))
#22 D:\\ITTS\\SEMESTER 6\\Pemrograman Framework\\Praktikum8\\vendor\\laravel\\framework\\src\\Illuminate\\Pipeline\\Pipeline.php(180): Illuminate\\Cookie\\Middleware\\EncryptCookies->handle(Object(Illuminate\\Http\\Request), Object(Closure))
#23 D:\\ITTS\\SEMESTER 6\\Pemrograman Framework\\Praktikum8\\vendor\\laravel\\framework\\src\\Illuminate\\Pipeline\\Pipeline.php(116): Illuminate\\Pipeline\\Pipeline->Illuminate\\Pipeline\\{closure}(Object(Illuminate\\Http\\Request))
#24 D:\\ITTS\\SEMESTER 6\\Pemrograman Framework\\Praktikum8\\vendor\\laravel\\framework\\src\\Illuminate\\Routing\\Router.php(798): Illuminate\\Pipeline\\Pipeline->then(Object(Closure))
#25 D:\\ITTS\\SEMESTER 6\\Pemrograman Framework\\Praktikum8\\vendor\\laravel\\framework\\src\\Illuminate\\Routing\\Router.php(777): Illuminate\\Routing\\Router->runRouteWithinStack(Object(Illuminate\\Routing\\Route), Object(Illuminate\\Http\\Request))
#26 D:\\ITTS\\SEMESTER 6\\Pemrograman Framework\\Praktikum8\\vendor\\laravel\\framework\\src\\Illuminate\\Routing\\Router.php(741): Illuminate\\Routing\\Router->runRoute(Object(Illuminate\\Http\\Request), Object(Illuminate\\Routing\\Route))
#27 D:\\ITTS\\SEMESTER 6\\Pemrograman Framework\\Praktikum8\\vendor\\laravel\\framework\\src\\Illuminate\\Routing\\Router.php(730): Illuminate\\Routing\\Router->dispatchToRoute(Object(Illuminate\\Http\\Request))
#28 D:\\ITTS\\SEMESTER 6\\Pemrograman Framework\\Praktikum8\\vendor\\laravel\\framework\\src\\Illuminate\\Foundation\\Http\\Kernel.php(200): Illuminate\\Routing\\Router->dispatch(Object(Illuminate\\Http\\Request))
#29 D:\\ITTS\\SEMESTER 6\\Pemrograman Framework\\Praktikum8\\vendor\\laravel\\framework\\src\\Illuminate\\Pipeline\\Pipeline.php(141): Illuminate\\Foundation\\Http\\Kernel->Illuminate\\Foundation\\Http\\{closure}(Object(Illuminate\\Http\\Request))
#30 D:\\ITTS\\SEMESTER 6\\Pemrograman Framework\\Praktikum8\\vendor\\laravel\\framework\\src\\Illuminate\\Foundation\\Http\\Middleware\\TransformsRequest.php(21): Illuminate\\Pipeline\\Pipeline->Illuminate\\Pipeline\\{closure}(Object(Illuminate\\Http\\Request))
#31 D:\\ITTS\\SEMESTER 6\\Pemrograman Framework\\Praktikum8\\vendor\\laravel\\framework\\src\\Illuminate\\Foundation\\Http\\Middleware\\ConvertEmptyStringsToNull.php(31): Illuminate\\Foundation\\Http\\Middleware\\TransformsRequest->handle(Object(Illuminate\\Http\\Request), Object(Closure))
#32 D:\\ITTS\\SEMESTER 6\\Pemrograman Framework\\Praktikum8\\vendor\\laravel\\framework\\src\\Illuminate\\Pipeline\\Pipeline.php(180): Illuminate\\Foundation\\Http\\Middleware\\ConvertEmptyStringsToNull->handle(Object(Illuminate\\Http\\Request), Object(Closure))
#33 D:\\ITTS\\SEMESTER 6\\Pemrograman Framework\\Praktikum8\\vendor\\laravel\\framework\\src\\Illuminate\\Foundation\\Http\\Middleware\\TransformsRequest.php(21): Illuminate\\Pipeline\\Pipeline->Illuminate\\Pipeline\\{closure}(Object(Illuminate\\Http\\Request))
#34 D:\\ITTS\\SEMESTER 6\\Pemrograman Framework\\Praktikum8\\vendor\\laravel\\framework\\src\\Illuminate\\Foundation\\Http\\Middleware\\TrimStrings.php(40): Illuminate\\Foundation\\Http\\Middleware\\TransformsRequest->handle(Object(Illuminate\\Http\\Request), Object(Closure))
#35 D:\\ITTS\\SEMESTER 6\\Pemrograman Framework\\Praktikum8\\vendor\\laravel\\framework\\src\\Illuminate\\Pipeline\\Pipeline.php(180): Illuminate\\Foundation\\Http\\Middleware\\TrimStrings->handle(Object(Illuminate\\Http\\Request), Object(Closure))
#36 D:\\ITTS\\SEMESTER 6\\Pemrograman Framework\\Praktikum8\\vendor\\laravel\\framework\\src\\Illuminate\\Foundation\\Http\\Middleware\\ValidatePostSize.php(27): Illuminate\\Pipeline\\Pipeline->Illuminate\\Pipeline\\{closure}(Object(Illuminate\\Http\\Request))
#37 D:\\ITTS\\SEMESTER 6\\Pemrograman Framework\\Praktikum8\\vendor\\laravel\\framework\\src\\Illuminate\\Pipeline\\Pipeline.php(180): Illuminate\\Foundation\\Http\\Middleware\\ValidatePostSize->handle(Object(Illuminate\\Http\\Request), Object(Closure))
#38 D:\\ITTS\\SEMESTER 6\\Pemrograman Framework\\Praktikum8\\vendor\\laravel\\framework\\src\\Illuminate\\Foundation\\Http\\Middleware\\PreventRequestsDuringMaintenance.php(86): Illuminate\\Pipeline\\Pipeline->Illuminate\\Pipeline\\{closure}(Object(Illuminate\\Http\\Request))
#39 D:\\ITTS\\SEMESTER 6\\Pemrograman Framework\\Praktikum8\\vendor\\laravel\\framework\\src\\Illuminate\\Pipeline\\Pipeline.php(180): Illuminate\\Foundation\\Http\\Middleware\\PreventRequestsDuringMaintenance->handle(Object(Illuminate\\Http\\Request), Object(Closure))
#40 D:\\ITTS\\SEMESTER 6\\Pemrograman Framework\\Praktikum8\\vendor\\laravel\\framework\\src\\Illuminate\\Http\\Middleware\\HandleCors.php(49): Illuminate\\Pipeline\\Pipeline->Illuminate\\Pipeline\\{closure}(Object(Illuminate\\Http\\Request))
#41 D:\\ITTS\\SEMESTER 6\\Pemrograman Framework\\Praktikum8\\vendor\\laravel\\framework\\src\\Illuminate\\Pipeline\\Pipeline.php(180): Illuminate\\Http\\Middleware\\HandleCors->handle(Object(Illuminate\\Http\\Request), Object(Closure))
#42 D:\\ITTS\\SEMESTER 6\\Pemrograman Framework\\Praktikum8\\vendor\\laravel\\framework\\src\\Illuminate\\Http\\Middleware\\TrustProxies.php(39): Illuminate\\Pipeline\\Pipeline->Illuminate\\Pipeline\\{closure}(Object(Illuminate\\Http\\Request))
#43 D:\\ITTS\\SEMESTER 6\\Pemrograman Framework\\Praktikum8\\vendor\\laravel\\framework\\src\\Illuminate\\Pipeline\\Pipeline.php(180): Illuminate\\Http\\Middleware\\TrustProxies->handle(Object(Illuminate\\Http\\Request), Object(Closure))
#44 D:\\ITTS\\SEMESTER 6\\Pemrograman Framework\\Praktikum8\\vendor\\laravel\\framework\\src\\Illuminate\\Pipeline\\Pipeline.php(116): Illuminate\\Pipeline\\Pipeline->Illuminate\\Pipeline\\{closure}(Object(Illuminate\\Http\\Request))
#45 D:\\ITTS\\SEMESTER 6\\Pemrograman Framework\\Praktikum8\\vendor\\laravel\\framework\\src\\Illuminate\\Foundation\\Http\\Kernel.php(175): Illuminate\\Pipeline\\Pipeline->then(Object(Closure))
#46 D:\\ITTS\\SEMESTER 6\\Pemrograman Framework\\Praktikum8\\vendor\\laravel\\framework\\src\\Illuminate\\Foundation\\Http\\Kernel.php(144): Illuminate\\Foundation\\Http\\Kernel->sendRequestThroughRouter(Object(Illuminate\\Http\\Request))
#47 D:\\ITTS\\SEMESTER 6\\Pemrograman Framework\\Praktikum8\\public\\index.php(51): Illuminate\\Foundation\\Http\\Kernel->handle(Object(Illuminate\\Http\\Request))
#48 D:\\ITTS\\SEMESTER 6\\Pemrograman Framework\\Praktikum8\\vendor\\laravel\\framework\\src\\Illuminate\\Foundation\\resources\\server.php(16): require_once('D:\\\\ITTS\\\\SEMESTE...')
#49 {main}
"} 
